#
# There is insufficient memory for the Java Runtime Environment to continue.
# Native memory allocation (malloc) failed to allocate 560 bytes for AllocateHeap
# Possible reasons:
#   The system is out of physical RAM or swap space
#   In 32 bit mode, the process size limit was hit
# Possible solutions:
#   Reduce memory load on the system
#   Increase physical memory or swap space
#   Check if swap backing store is full
#   Use 64 bit Java on a 64 bit OS
#   Decrease Java heap size (-Xmx/-Xms)
#   Decrease number of Java threads
#   Decrease Java thread stack sizes (-Xss)
#   Set larger code cache with -XX:ReservedCodeCacheSize=
# This output file may be truncated or incomplete.
#
#  Out of Memory Error (memory/allocation.inline.hpp:61), pid=8872, tid=6236
#
# JRE version: Java(TM) SE Runtime Environment (8.0_91-b15) (build 1.8.0_91-b15)
# Java VM: Java HotSpot(TM) 64-Bit Server VM (25.91-b15 mixed mode windows-amd64 compressed oops)
# Failed to write core dump. Minidumps are not enabled by default on client versions of Windows
#

---------------  T H R E A D  ---------------

Current thread (0x00000000568a1000):  JavaThread "C1 CompilerThread2" daemon [_thread_in_vm, id=6236, stack(0x0000000056db0000,0x0000000056eb0000)]

Stack: [0x0000000056db0000,0x0000000056eb0000]
[error occurred during error reporting (printing stack bounds), id 0xc0000005]

Native frames: (J=compiled Java code, j=interpreted, Vv=VM code, C=native code)


Current CompileTask:
C1:   3205 1088       3       com.android.dx.ssa.LocalVariableExtractor::doit (59 bytes)


---------------  P R O C E S S  ---------------

Java Threads: ( => current thread )
  0x0000000056bfc000 JavaThread "pool-1-thread-4" [_thread_blocked, id=5076, stack(0x0000000057f90000,0x0000000058090000)]
  0x0000000056bfb800 JavaThread "pool-1-thread-3" [_thread_blocked, id=6448, stack(0x0000000057ae0000,0x0000000057be0000)]
  0x0000000056bfa800 JavaThread "pool-1-thread-2" [_thread_blocked, id=3248, stack(0x0000000057d40000,0x0000000057e40000)]
  0x0000000056bfa000 JavaThread "pool-2-thread-1" [_thread_blocked, id=5940, stack(0x0000000057c20000,0x0000000057d20000)]
  0x0000000056bf9000 JavaThread "pool-1-thread-1" [_thread_blocked, id=4220, stack(0x00000000579b0000,0x0000000057ab0000)]
  0x0000000056903000 JavaThread "Service Thread" daemon [_thread_blocked, id=6688, stack(0x0000000056f50000,0x0000000057050000)]
=>0x00000000568a1000 JavaThread "C1 CompilerThread2" daemon [_thread_in_vm, id=6236, stack(0x0000000056db0000,0x0000000056eb0000)]
  0x00000000568a0800 JavaThread "C2 CompilerThread1" daemon [_thread_blocked, id=7952, stack(0x0000000056380000,0x0000000056480000)]
  0x00000000551bb000 JavaThread "C2 CompilerThread0" daemon [_thread_blocked, id=4628, stack(0x00000000567a0000,0x00000000568a0000)]
  0x00000000551b8000 JavaThread "Attach Listener" daemon [_thread_blocked, id=5752, stack(0x00000000565b0000,0x00000000566b0000)]
  0x00000000551b2800 JavaThread "Signal Dispatcher" daemon [_thread_blocked, id=6388, stack(0x0000000056480000,0x0000000056580000)]
  0x0000000055199000 JavaThread "Finalizer" daemon [_thread_blocked, id=1520, stack(0x0000000056240000,0x0000000056340000)]
  0x0000000055152000 JavaThread "Reference Handler" daemon [_thread_blocked, id=2424, stack(0x0000000056140000,0x0000000056240000)]
  0x000000000208e800 JavaThread "main" [_thread_in_vm, id=3456, stack(0x00000000024c0000,0x00000000025c0000)]

Other Threads:
  0x000000005514a800 VMThread [stack: 0x0000000055fc0000,0x00000000560c0000] [id=4960]
  0x000000005691b800 WatcherThread [stack: 0x0000000057090000,0x0000000057190000] [id=4820]

VM state:not at safepoint (normal execution)

VM Mutex/Monitor currently owned by a thread:  ([mutex/lock_event])
[0x000000000208b6e0] CodeCache_lock - owner thread: 0x00000000568a1000
[0x000000000208cd90] Compile_lock - owner thread: 0x00000000568a1000
[0x000000000208ce90] MethodCompileQueue_lock - owner thread: 0x00000000568a1000

Heap:
 PSYoungGen      total 28160K, used 13650K [0x00000000eab00000, 0x00000000ee200000, 0x0000000100000000)
  eden space 24576K, 55% used [0x00000000eab00000,0x00000000eb8548c8,0x00000000ec300000)
  from space 3584K, 0% used [0x00000000ec300000,0x00000000ec300000,0x00000000ec680000)
  to   space 3584K, 0% used [0x00000000ede80000,0x00000000ede80000,0x00000000ee200000)
 ParOldGen       total 35328K, used 2249K [0x00000000c0000000, 0x00000000c2280000, 0x00000000eab00000)
  object space 35328K, 6% used [0x00000000c0000000,0x00000000c02325e8,0x00000000c2280000)
 Metaspace       used 5818K, capacity 6896K, committed 7040K, reserved 1058816K
  class space    used 590K, capacity 616K, committed 640K, reserved 1048576K

Card table byte_map: [0x0000000011c50000,0x0000000011e60000] byte_map_base: 0x0000000011650000

Marking Bits: (ParMarkBitMap*) 0x00000000605d2f70
 Begin Bits: [0x00000000125c0000, 0x00000000135c0000)
 End Bits:   [0x00000000135c0000, 0x00000000145c0000)

Polling page: 0x00000000005c0000

CodeCache: size=245760Kb used=4366Kb max_used=4366Kb free=241393Kb
 bounds [0x0000000002890000, 0x0000000002ce0000, 0x0000000011890000]
 total_blobs=1346 nmethods=1083 adapters=176
 compilation: enabled

Compilation events (10 events):
Event: 3.197 Thread 0x00000000568a0800 nmethod 1083 0x0000000002c00e90 code [0x0000000002c00fc0, 0x0000000002c01038]
Event: 3.197 Thread 0x00000000568a1000 1084       3       com.android.dx.rop.cst.CstNat::isInstanceInit (13 bytes)
Event: 3.197 Thread 0x00000000568a1000 nmethod 1084 0x0000000002cd6790 code [0x0000000002cd6900, 0x0000000002cd6bc8]
Event: 3.198 Thread 0x00000000568a1000 1085       3       com.android.dx.rop.cst.CstBaseMethodRef::getPrototype (41 bytes)
Event: 3.198 Thread 0x00000000568a1000 nmethod 1085 0x0000000002cd6150 code [0x0000000002cd62c0, 0x0000000002cd66a8]
Event: 3.198 Thread 0x00000000568a1000 1086       3       com.android.dx.cf.code.BaseMachine::auxIntArg (6 bytes)
Event: 3.199 Thread 0x00000000568a1000 nmethod 1086 0x0000000002cd5e10 code [0x0000000002cd5f60, 0x0000000002cd60b0]
Event: 3.199 Thread 0x00000000568a1000 1087   !   3       com.android.dx.cf.code.OneLocalsArray::set (106 bytes)
Event: 3.200 Thread 0x00000000568a1000 nmethod 1087 0x0000000002cd4750 code [0x0000000002cd49a0, 0x0000000002cd5798]
Event: 3.201 Thread 0x00000000568a1000 1088       3       com.android.dx.ssa.LocalVariableExtractor::doit (59 bytes)

GC Heap History (4 events):
Event: 1.763 GC heap before
{Heap before GC invocations=1 (full 0):
 PSYoungGen      total 28160K, used 15238K [0x00000000eab00000, 0x00000000eca00000, 0x0000000100000000)
  eden space 24576K, 62% used [0x00000000eab00000,0x00000000eb9e1be8,0x00000000ec300000)
  from space 3584K, 0% used [0x00000000ec680000,0x00000000ec680000,0x00000000eca00000)
  to   space 3584K, 0% used [0x00000000ec300000,0x00000000ec300000,0x00000000ec680000)
 ParOldGen       total 64512K, used 0K [0x00000000c0000000, 0x00000000c3f00000, 0x00000000eab00000)
  object space 64512K, 0% used [0x00000000c0000000,0x00000000c0000000,0x00000000c3f00000)
 Metaspace       used 4733K, capacity 5872K, committed 6016K, reserved 1060864K
  class space    used 528K, capacity 552K, committed 640K, reserved 1048576K
Event: 1.864 GC heap after
Heap after GC invocations=1 (full 0):
 PSYoungGen      total 28160K, used 2483K [0x00000000eab00000, 0x00000000ee200000, 0x0000000100000000)
  eden space 24576K, 0% used [0x00000000eab00000,0x00000000eab00000,0x00000000ec300000)
  from space 3584K, 69% used [0x00000000ec300000,0x00000000ec56cd20,0x00000000ec680000)
  to   space 3584K, 0% used [0x00000000ede80000,0x00000000ede80000,0x00000000ee200000)
 ParOldGen       total 64512K, used 8K [0x00000000c0000000, 0x00000000c3f00000, 0x00000000eab00000)
  object space 64512K, 0% used [0x00000000c0000000,0x00000000c0002000,0x00000000c3f00000)
 Metaspace       used 4733K, capacity 5872K, committed 6016K, reserved 1060864K
  class space    used 528K, capacity 552K, committed 640K, reserved 1048576K
}
Event: 1.864 GC heap before
{Heap before GC invocations=2 (full 1):
 PSYoungGen      total 28160K, used 2483K [0x00000000eab00000, 0x00000000ee200000, 0x0000000100000000)
  eden space 24576K, 0% used [0x00000000eab00000,0x00000000eab00000,0x00000000ec300000)
  from space 3584K, 69% used [0x00000000ec300000,0x00000000ec56cd20,0x00000000ec680000)
  to   space 3584K, 0% used [0x00000000ede80000,0x00000000ede80000,0x00000000ee200000)
 ParOldGen       total 64512K, used 8K [0x00000000c0000000, 0x00000000c3f00000, 0x00000000eab00000)
  object space 64512K, 0% used [0x00000000c0000000,0x00000000c0002000,0x00000000c3f00000)
 Metaspace       used 4733K, capacity 5872K, committed 6016K, reserved 1060864K
  class space    used 528K, capacity 552K, committed 640K, reserved 1048576K
Event: 1.915 GC heap after
Heap after GC invocations=2 (full 1):
 PSYoungGen      total 28160K, used 0K [0x00000000eab00000, 0x00000000ee200000, 0x0000000100000000)
  eden space 24576K, 0% used [0x00000000eab00000,0x00000000eab00000,0x00000000ec300000)
  from space 3584K, 0% used [0x00000000ec300000,0x00000000ec300000,0x00000000ec680000)
  to   space 3584K, 0% used [0x00000000ede80000,0x00000000ede80000,0x00000000ee200000)
 ParOldGen       total 35328K, used 2249K [0x00000000c0000000, 0x00000000c2280000, 0x00000000eab00000)
  object space 35328K, 6% used [0x00000000c0000000,0x00000000c02325e8,0x00000000c2280000)
 Metaspace       used 4733K, capacity 5872K, committed 6016K, reserved 1058816K
  class space    used 528K, capacity 552K, committed 640K, reserved 1048576K
}

Deoptimization events (3 events):
Event: 1.249 Thread 0x000000000208e800 Uncommon trap: reason=unstable_if action=reinterpret pc=0x00000000029eccc4 method=java.lang.String.compareTo(Ljava/lang/String;)I @ 38
Event: 2.840 Thread 0x0000000056bfa800 Uncommon trap: reason=bimorphic action=maybe_recompile pc=0x0000000002b1d1ec method=java.util.HashMap.getNode(ILjava/lang/Object;)Ljava/util/HashMap$Node; @ 126
Event: 2.939 Thread 0x0000000056bfa800 Uncommon trap: reason=unstable_if action=reinterpret pc=0x0000000002bff4dc method=com.android.dx.rop.code.RegisterSpecSet.put(Lcom/android/dx/rop/code/RegisterSpec;)V @ 77

Internal exceptions (2 events):
Event: 0.171 Thread 0x000000000208e800 Exception <a 'java/lang/NoSuchMethodError': Method sun.misc.Unsafe.defineClass(Ljava/lang/String;[BII)Ljava/lang/Class; name or signature does not match> (0x00000000eab07cc0) thrown at [C:\re\workspace\8-2-build-windows-amd64-cygwin\jdk8u91\7017\hotspot\srîzÖnó÷Å?
Event: 0.172 Thread 0x000000000208e800 Exception <a 'java/lang/NoSuchMethodError': Method sun.misc.Unsafe.prefetchRead(Ljava/lang/Object;J)V name or signature does not match> (0x00000000eab07fa8) thrown at [C:\re\workspace\8-2-build-windows-amd64-cygwin\jdk8u91\7017\hotspot\src\share\vm\prims\j`

Events (10 events):
Event: 2.840 Thread 0x0000000056bfa800 DEOPT UNPACKING pc=0x00000000028d582a sp=0x0000000057e3ea38 mode 2
Event: 2.913 loading class com/android/dx/cf/attrib/AttLocalVariableTypeTable
Event: 2.913 loading class com/android/dx/cf/attrib/AttLocalVariableTypeTable done
Event: 2.939 Thread 0x0000000056bfa800 Uncommon trap: trap_request=0xffffff65 fr.pc=0x0000000002bff4dc
Event: 2.939 Thread 0x0000000056bfa800 DEOPT PACKING pc=0x0000000002bff4dc sp=0x0000000057e3eab0
Event: 2.939 Thread 0x0000000056bfa800 DEOPT UNPACKING pc=0x00000000028d582a sp=0x0000000057e3ea38 mode 2
Event: 2.969 loading class com/android/dx/cf/code/SwitchList
Event: 2.969 loading class com/android/dx/cf/code/SwitchList done
Event: 3.089 loading class java/util/DualPivotQuicksort
Event: 3.176 loading class java/util/DualPivotQuicksort done


Dynamic libraries:
0x000000013fb70000 - 0x000000013fba7000 	C:\Program Files\Java\jdk1.8.0_91\bin\java.exe
0x0000000077780000 - 0x0000000077929000 	C:\Windows\SYSTEM32\ntdll.dll
0x0000000077660000 - 0x000000007777f000 	C:\Windows\system32\kernel32.dll
0x000007fefd820000 - 0x000007fefd88b000 	C:\Windows\system32\KERNELBASE.dll
0x000007fefdbf0000 - 0x000007fefdccb000 	C:\Windows\system32\ADVAPI32.dll
0x000007feff550000 - 0x000007feff5ef000 	C:\Windows\system32\msvcrt.dll
0x000007fefe0f0000 - 0x000007fefe10f000 	C:\Windows\SYSTEM32\sechost.dll
0x000007fefdaa0000 - 0x000007fefdbcd000 	C:\Windows\system32\RPCRT4.dll
0x0000000077560000 - 0x000000007765a000 	C:\Windows\system32\USER32.dll
0x000007feff7f0000 - 0x000007feff857000 	C:\Windows\system32\GDI32.dll
0x000007fefe110000 - 0x000007fefe11e000 	C:\Windows\system32\LPK.dll
0x000007feff720000 - 0x000007feff7e9000 	C:\Windows\system32\USP10.dll
0x000007fefbdd0000 - 0x000007fefbfc4000 	C:\Windows\WinSxS\amd64_microsoft.windows.common-controls_6595b64144ccf1df_6.0.7601.17514_none_fa396087175ac9ac\COMCTL32.dll
0x000007fefe120000 - 0x000007fefe191000 	C:\Windows\system32\SHLWAPI.dll
0x000007fefdcd0000 - 0x000007fefdcfe000 	C:\Windows\system32\IMM32.DLL
0x000007fefe3b0000 - 0x000007fefe4b9000 	C:\Windows\system32\MSCTF.dll
0x0000000075250000 - 0x0000000075322000 	C:\Program Files\Java\jdk1.8.0_91\jre\bin\msvcr100.dll
0x000000005fdc0000 - 0x0000000060653000 	C:\Program Files\Java\jdk1.8.0_91\jre\bin\server\jvm.dll
0x000007fef7100000 - 0x000007fef7109000 	C:\Windows\system32\WSOCK32.dll
0x000007fefe020000 - 0x000007fefe06d000 	C:\Windows\system32\WS2_32.dll
0x000007feff860000 - 0x000007feff868000 	C:\Windows\system32\NSI.dll
0x000007fef8640000 - 0x000007fef867b000 	C:\Windows\system32\WINMM.dll
0x000007fefc830000 - 0x000007fefc83c000 	C:\Windows\system32\VERSION.dll
0x0000000077950000 - 0x0000000077957000 	C:\Windows\system32\PSAPI.DLL
0x000000006c910000 - 0x000000006c91f000 	C:\Program Files\Java\jdk1.8.0_91\jre\bin\verify.dll
0x0000000065820000 - 0x0000000065849000 	C:\Program Files\Java\jdk1.8.0_91\jre\bin\java.dll
0x000000006c5a0000 - 0x000000006c5b6000 	C:\Program Files\Java\jdk1.8.0_91\jre\bin\zip.dll
0x000007fefe560000 - 0x000007feff2e8000 	C:\Windows\system32\SHELL32.dll
0x000007fefe1a0000 - 0x000007fefe3a3000 	C:\Windows\system32\ole32.dll
0x000007fefd6d0000 - 0x000007fefd6df000 	C:\Windows\system32\profapi.dll

VM Arguments:
jvm_args: -Djava.awt.headless=true -Xmx1024M -Dfile.encoding=windows-1252 -Duser.country=VE -Duser.language=es -Duser.variant 
java_command: com.android.dx.command.Main --dex --num-threads=4 --output C:\Users\Ale\Desktop\NextDots\Defyu Demo\Defyu Normal\pruebadagger\app\build\intermediates\pre-dexed\debug\com.android.support-appcompat-v7-25.1.0_5ed4b3c96dd718fdc0204a919572ecc3388b40f6.jar C:\Users\Ale\Desktop\NextDots\Defyu Demo\Defyu Normal\pruebadagger\app\build\intermediates\exploded-aar\com.android.support\appcompat-v7\25.1.0\jars\classes.jar
java_class_path (initial): C:\Users\Ale\AppData\Local\Android\sdk\build-tools\25.0.0\lib\dx.jar
Launcher Type: SUN_STANDARD

Environment Variables:
PATH=C:\ProgramData\Oracle\Java\javapath;C:\Windows\system32;C:\Windows;C:\Windows\System32\Wbem;C:\Windows\System32\WindowsPowerShell\v1.0\;C:\Program Files\Git\cmd;C:\Program Files (x86)\GtkSharp\2.12\bin;C:\Program Files (x86)\Skype\Phone\;C:\Program Files\nodejs\;C:\Program Files\PuTTY\;C:\Program Files (x86)\Nmap;C:\Program Files (x86)\SammaulTech\PhoenixSuit\;C:\Users\Ale\AppData\Roaming\npm
USERNAME=Ale
OS=Windows_NT
PROCESSOR_IDENTIFIER=Intel64 Family 6 Model 37 Stepping 5, GenuineIntel



---------------  S Y S T E M  ---------------

OS: Windows 7 , 64 bit Build 7601 (6.1.7601.17514)

CPU:total 4 (2 cores per cpu, 2 threads per core) family 6 model 37 stepping 5, cmov, cx8, fxsr, mmx, sse, sse2, sse3, ssse3, sse4.1, sse4.2, popcnt, ht, tsc, tscinvbit

Memory: 4k page, physical 6083712k(8432k free), swap 13491744k(5116k free)

vm_info: Java HotSpot(TM) 64-Bit Server VM (25.91-b15) for windows-amd64 JRE (1.8.0_91-b15), built on May 20 2016 17:43:15 by "java_re" with MS VC++ 10.0 (VS2010)

time: Tue Feb 28 19:29:50 2017
elapsed time: 3 seconds (0d 0h 0m 3s)

