#
# There is insufficient memory for the Java Runtime Environment to continue.
# Native memory allocation (malloc) failed to allocate 1340336 bytes for Chunk::new
# Possible reasons:
#   The system is out of physical RAM or swap space
#   In 32 bit mode, the process size limit was hit
# Possible solutions:
#   Reduce memory load on the system
#   Increase physical memory or swap space
#   Check if swap backing store is full
#   Use 64 bit Java on a 64 bit OS
#   Decrease Java heap size (-Xmx/-Xms)
#   Decrease number of Java threads
#   Decrease Java thread stack sizes (-Xss)
#   Set larger code cache with -XX:ReservedCodeCacheSize=
# This output file may be truncated or incomplete.
#
#  Out of Memory Error (allocation.cpp:390), pid=3236, tid=6300
#
# JRE version: Java(TM) SE Runtime Environment (8.0_91-b15) (build 1.8.0_91-b15)
# Java VM: Java HotSpot(TM) 64-Bit Server VM (25.91-b15 mixed mode windows-amd64 compressed oops)
# Failed to write core dump. Minidumps are not enabled by default on client versions of Windows
#

---------------  T H R E A D  ---------------

Current thread (0x00000000550c5800):  JavaThread "C2 CompilerThread0" daemon [_thread_in_native, id=6300, stack(0x00000000568d0000,0x00000000569d0000)]

Stack: [0x00000000568d0000,0x00000000569d0000]
[error occurred during error reporting (printing stack bounds), id 0xc0000005]

Native frames: (J=compiled Java code, j=interpreted, Vv=VM code, C=native code)


Current CompileTask:
C2:  22932 1711   !   4       com.android.dx.cf.cst.ConstantPoolParser::parse0 (731 bytes)


---------------  P R O C E S S  ---------------

Java Threads: ( => current thread )
  0x0000000056cba800 JavaThread "pool-1-thread-4" [_thread_blocked, id=7632, stack(0x0000000057920000,0x0000000057a20000)]
  0x0000000056cac800 JavaThread "pool-1-thread-3" [_thread_blocked, id=5020, stack(0x00000000577c0000,0x00000000578c0000)]
  0x0000000056c54000 JavaThread "pool-1-thread-2" [_thread_blocked, id=6692, stack(0x00000000576c0000,0x00000000577c0000)]
  0x0000000056c47800 JavaThread "pool-2-thread-1" [_thread_blocked, id=8340, stack(0x0000000057570000,0x0000000057670000)]
  0x0000000056c42000 JavaThread "pool-1-thread-1" [_thread_blocked, id=3472, stack(0x0000000057430000,0x0000000057530000)]
  0x0000000056a2b000 JavaThread "Service Thread" daemon [_thread_blocked, id=8552, stack(0x0000000057070000,0x0000000057170000)]
  0x0000000056a28000 JavaThread "C1 CompilerThread2" daemon [_thread_blocked, id=7148, stack(0x0000000056e10000,0x0000000056f10000)]
  0x00000000550cb000 JavaThread "C2 CompilerThread1" daemon [_thread_in_native, id=5796, stack(0x0000000056620000,0x0000000056720000)]
=>0x00000000550c5800 JavaThread "C2 CompilerThread0" daemon [_thread_in_native, id=6300, stack(0x00000000568d0000,0x00000000569d0000)]
  0x00000000550c2000 JavaThread "Attach Listener" daemon [_thread_blocked, id=6636, stack(0x00000000567a0000,0x00000000568a0000)]
  0x00000000550c1000 JavaThread "Signal Dispatcher" daemon [_thread_blocked, id=9156, stack(0x0000000056510000,0x0000000056610000)]
  0x00000000550a9000 JavaThread "Finalizer" daemon [_thread_blocked, id=4756, stack(0x0000000056220000,0x0000000056320000)]
  0x0000000055062000 JavaThread "Reference Handler" daemon [_thread_blocked, id=3900, stack(0x0000000056320000,0x0000000056420000)]
  0x00000000022ce800 JavaThread "main" [_thread_blocked, id=7656, stack(0x0000000002410000,0x0000000002510000)]

Other Threads:
  0x000000005505a800 VMThread [stack: 0x0000000056060000,0x0000000056160000] [id=5024]
  0x0000000056a38800 WatcherThread [stack: 0x00000000571e0000,0x00000000572e0000] [id=7108]

VM state:not at safepoint (normal execution)

VM Mutex/Monitor currently owned by a thread: None

Heap:
 PSYoungGen      total 52736K, used 29775K [0x00000000eab00000, 0x00000000ee200000, 0x0000000100000000)
  eden space 49152K, 53% used [0x00000000eab00000,0x00000000ec49bd58,0x00000000edb00000)
  from space 3584K, 99% used [0x00000000ede80000,0x00000000ee1f8028,0x00000000ee200000)
  to   space 3584K, 0% used [0x00000000edb00000,0x00000000edb00000,0x00000000ede80000)
 ParOldGen       total 64512K, used 4773K [0x00000000c0000000, 0x00000000c3f00000, 0x00000000eab00000)
  object space 64512K, 7% used [0x00000000c0000000,0x00000000c04a96e0,0x00000000c3f00000)
 Metaspace       used 6107K, capacity 7088K, committed 7296K, reserved 1056768K
  class space    used 590K, capacity 616K, committed 640K, reserved 1048576K

Card table byte_map: [0x0000000011ba0000,0x0000000011db0000] byte_map_base: 0x00000000115a0000

Marking Bits: (ParMarkBitMap*) 0x00000000605d2f70
 Begin Bits: [0x00000000124d0000, 0x00000000134d0000)
 End Bits:   [0x00000000134d0000, 0x00000000144d0000)

Polling page: 0x0000000000230000

CodeCache: size=245760Kb used=8177Kb max_used=8177Kb free=237582Kb
 bounds [0x00000000027e0000, 0x0000000002ff0000, 0x00000000117e0000]
 total_blobs=1983 nmethods=1721 adapters=176
 compilation: enabled

Compilation events (10 events):
Event: 22.716 Thread 0x0000000056a28000 1725       1       com.android.dx.rop.cst.TypedConstant::getFrameType (2 bytes)
Event: 22.717 Thread 0x0000000056a28000 nmethod 1725 0x0000000002fdbdd0 code [0x0000000002fdbf20, 0x0000000002fdc030]
Event: 22.739 Thread 0x0000000056a28000 1726       3       java.util.HashMap$HashIterator::nextNode (100 bytes)
Event: 22.740 Thread 0x0000000056a28000 nmethod 1726 0x0000000002fe1c10 code [0x0000000002fe1dc0, 0x0000000002fe2298]
Event: 22.743 Thread 0x0000000056a28000 1727       1       com.android.dx.rop.cst.CstType::getType (4 bytes)
Event: 22.743 Thread 0x0000000056a28000 nmethod 1727 0x0000000002fd3b50 code [0x0000000002fd3ca0, 0x0000000002fd3db0]
Event: 22.750 Thread 0x0000000056a28000 1728       3       com.android.dx.rop.code.RegisterSpec::make (21 bytes)
Event: 22.751 Thread 0x0000000056a28000 nmethod 1728 0x0000000002fe24d0 code [0x0000000002fe2640, 0x0000000002fe2898]
Event: 22.763 Thread 0x0000000056a28000 1729       3       com.android.dx.rop.code.BasicBlockList$RegCountVisitor::visitThrowingInsn (6 bytes)
Event: 22.763 Thread 0x0000000056a28000 nmethod 1729 0x0000000002fdefd0 code [0x0000000002fdf140, 0x0000000002fdf2c8]

GC Heap History (4 events):
Event: 3.127 GC heap before
{Heap before GC invocations=1 (full 0):
 PSYoungGen      total 28160K, used 24576K [0x00000000eab00000, 0x00000000eca00000, 0x0000000100000000)
  eden space 24576K, 100% used [0x00000000eab00000,0x00000000ec300000,0x00000000ec300000)
  from space 3584K, 0% used [0x00000000ec680000,0x00000000ec680000,0x00000000eca00000)
  to   space 3584K, 0% used [0x00000000ec300000,0x00000000ec300000,0x00000000ec680000)
 ParOldGen       total 64512K, used 0K [0x00000000c0000000, 0x00000000c3f00000, 0x00000000eab00000)
  object space 64512K, 0% used [0x00000000c0000000,0x00000000c0000000,0x00000000c3f00000)
 Metaspace       used 5787K, capacity 6832K, committed 7040K, reserved 1056768K
  class space    used 587K, capacity 616K, committed 640K, reserved 1048576K
Event: 4.014 GC heap after
Heap after GC invocations=1 (full 0):
 PSYoungGen      total 28160K, used 3552K [0x00000000eab00000, 0x00000000ee200000, 0x0000000100000000)
  eden space 24576K, 0% used [0x00000000eab00000,0x00000000eab00000,0x00000000ec300000)
  from space 3584K, 99% used [0x00000000ec300000,0x00000000ec678078,0x00000000ec680000)
  to   space 3584K, 0% used [0x00000000ede80000,0x00000000ede80000,0x00000000ee200000)
 ParOldGen       total 64512K, used 1161K [0x00000000c0000000, 0x00000000c3f00000, 0x00000000eab00000)
  object space 64512K, 1% used [0x00000000c0000000,0x00000000c01224a8,0x00000000c3f00000)
 Metaspace       used 5787K, capacity 6832K, committed 7040K, reserved 1056768K
  class space    used 587K, capacity 616K, committed 640K, reserved 1048576K
}
Event: 15.469 GC heap before
{Heap before GC invocations=2 (full 0):
 PSYoungGen      total 28160K, used 28128K [0x00000000eab00000, 0x00000000ee200000, 0x0000000100000000)
  eden space 24576K, 100% used [0x00000000eab00000,0x00000000ec300000,0x00000000ec300000)
  from space 3584K, 99% used [0x00000000ec300000,0x00000000ec678078,0x00000000ec680000)
  to   space 3584K, 0% used [0x00000000ede80000,0x00000000ede80000,0x00000000ee200000)
 ParOldGen       total 64512K, used 1161K [0x00000000c0000000, 0x00000000c3f00000, 0x00000000eab00000)
  object space 64512K, 1% used [0x00000000c0000000,0x00000000c01224a8,0x00000000c3f00000)
 Metaspace       used 6037K, capacity 7024K, committed 7296K, reserved 1056768K
  class space    used 590K, capacity 616K, committed 640K, reserved 1048576K
Event: 16.782 GC heap after
Heap after GC invocations=2 (full 0):
 PSYoungGen      total 52736K, used 3552K [0x00000000eab00000, 0x00000000ee200000, 0x0000000100000000)
  eden space 49152K, 0% used [0x00000000eab00000,0x00000000eab00000,0x00000000edb00000)
  from space 3584K, 99% used [0x00000000ede80000,0x00000000ee1f8028,0x00000000ee200000)
  to   space 3584K, 0% used [0x00000000edb00000,0x00000000edb00000,0x00000000ede80000)
 ParOldGen       total 64512K, used 4773K [0x00000000c0000000, 0x00000000c3f00000, 0x00000000eab00000)
  object space 64512K, 7% used [0x00000000c0000000,0x00000000c04a96e0,0x00000000c3f00000)
 Metaspace       used 6037K, capacity 7024K, committed 7296K, reserved 1056768K
  class space    used 590K, capacity 616K, committed 640K, reserved 1048576K
}

Deoptimization events (10 events):
Event: 18.581 Thread 0x0000000056c54000 Uncommon trap: reason=bimorphic action=maybe_recompile pc=0x0000000002e373b4 method=com.android.dx.cf.code.RopperMachine.run(Lcom/android/dx/cf/code/Frame;II)V @ 978
Event: 18.581 Thread 0x0000000056c54000 Uncommon trap: reason=bimorphic action=maybe_recompile pc=0x0000000002e373b4 method=com.android.dx.cf.code.RopperMachine.run(Lcom/android/dx/cf/code/Frame;II)V @ 978
Event: 18.583 Thread 0x0000000056c54000 Uncommon trap: reason=bimorphic action=maybe_recompile pc=0x0000000002e13e2c method=java.util.HashMap.putVal(ILjava/lang/Object;Ljava/lang/Object;ZZ)Ljava/lang/Object; @ 91
Event: 18.584 Thread 0x0000000056c54000 Uncommon trap: reason=bimorphic action=maybe_recompile pc=0x0000000002dd84ec method=com.android.dx.ssa.SCCP.simulatePhi(Lcom/android/dx/ssa/PhiInsn;)V @ 124
Event: 18.585 Thread 0x0000000056c54000 Uncommon trap: reason=bimorphic action=maybe_recompile pc=0x0000000002dd84ec method=com.android.dx.ssa.SCCP.simulatePhi(Lcom/android/dx/ssa/PhiInsn;)V @ 124
Event: 19.347 Thread 0x0000000056c54000 Uncommon trap: reason=unstable_if action=reinterpret pc=0x0000000002dcdac4 method=com.android.dx.ssa.SCCP.simulateBranch(Lcom/android/dx/ssa/SsaInsn;)V @ 64
Event: 21.831 Thread 0x0000000056cac800 Uncommon trap: reason=unstable_if action=reinterpret pc=0x0000000002d5e5a8 method=com.android.dx.ssa.LiteralOpUpgrader$1.visitNonMoveInsn(Lcom/android/dx/ssa/NormalSsaInsn;)V @ 55
Event: 21.832 Thread 0x0000000056cac800 Uncommon trap: reason=unstable_if action=reinterpret pc=0x0000000002c28d0c method=com.android.dx.ssa.SsaMethod.updateOneDefinition(Lcom/android/dx/ssa/SsaInsn;Lcom/android/dx/rop/code/RegisterSpec;)V @ 4
Event: 21.833 Thread 0x0000000056cac800 Uncommon trap: reason=unstable_if action=reinterpret pc=0x0000000002ec7994 method=com.android.dx.rop.code.LocalItem.compareHandlesNulls(Lcom/android/dx/rop/cst/CstString;Lcom/android/dx/rop/cst/CstString;)I @ 14
Event: 21.891 Thread 0x0000000056cac800 Uncommon trap: reason=unstable_if action=reinterpret pc=0x0000000002f85508 method=com.android.dx.cf.code.Ropper.processBlock(Lcom/android/dx/cf/code/ByteBlock;Lcom/android/dx/cf/code/Frame;[I)V @ 513

Internal exceptions (4 events):
Event: 0.143 Thread 0x00000000022ce800 Exception <a 'java/lang/NoSuchMethodError': Method sun.misc.Unsafe.defineClass(Ljava/lang/String;[BII)Ljava/lang/Class; name or signature does not match> (0x00000000eab07cc0) thrown at [C:\re\workspace\8-2-build-windows-amd64-cygwin\jdk8u91\7017\hotspot\srU±utéJ¬?
Event: 0.143 Thread 0x00000000022ce800 Exception <a 'java/lang/NoSuchMethodError': Method sun.misc.Unsafe.prefetchRead(Ljava/lang/Object;J)V name or signature does not match> (0x00000000eab07fa8) thrown at [C:\re\workspace\8-2-build-windows-amd64-cygwin\jdk8u91\7017\hotspot\src\share\vm\prims\jõ=ê\Ç*@
Event: 13.050 Thread 0x0000000056cac800 Implicit null exception at 0x0000000002c2bb23 to 0x0000000002c2c6f1
Event: 21.833 Thread 0x0000000056cac800 Implicit null exception at 0x0000000002ec6101 to 0x0000000002ec7965

Events (10 events):
Event: 21.831 loading class com/android/dx/rop/code/RegOps done
Event: 21.832 Thread 0x0000000056cac800 Uncommon trap: trap_request=0xffffff65 fr.pc=0x0000000002c28d0c
Event: 21.832 Thread 0x0000000056cac800 DEOPT PACKING pc=0x0000000002c28d0c sp=0x00000000578be9a0
Event: 21.832 Thread 0x0000000056cac800 DEOPT UNPACKING pc=0x000000000282582a sp=0x00000000578be948 mode 2
Event: 21.833 Thread 0x0000000056cac800 Uncommon trap: trap_request=0xffffff65 fr.pc=0x0000000002ec7994
Event: 21.833 Thread 0x0000000056cac800 DEOPT PACKING pc=0x0000000002ec7994 sp=0x00000000578beac0
Event: 21.834 Thread 0x0000000056cac800 DEOPT UNPACKING pc=0x000000000282582a sp=0x00000000578be8a8 mode 2
Event: 21.891 Thread 0x0000000056cac800 Uncommon trap: trap_request=0xffffff65 fr.pc=0x0000000002f85508
Event: 21.891 Thread 0x0000000056cac800 DEOPT PACKING pc=0x0000000002f85508 sp=0x00000000578becf0
Event: 21.891 Thread 0x0000000056cac800 DEOPT UNPACKING pc=0x000000000282582a sp=0x00000000578becb8 mode 2


Dynamic libraries:
0x000000013fb70000 - 0x000000013fba7000 	C:\Program Files\Java\jdk1.8.0_91\bin\java.exe
0x0000000077780000 - 0x0000000077929000 	C:\Windows\SYSTEM32\ntdll.dll
0x0000000077660000 - 0x000000007777f000 	C:\Windows\system32\kernel32.dll
0x000007fefd820000 - 0x000007fefd88b000 	C:\Windows\system32\KERNELBASE.dll
0x000007fefdbf0000 - 0x000007fefdccb000 	C:\Windows\system32\ADVAPI32.dll
0x000007feff550000 - 0x000007feff5ef000 	C:\Windows\system32\msvcrt.dll
0x000007fefe0f0000 - 0x000007fefe10f000 	C:\Windows\SYSTEM32\sechost.dll
0x000007fefdaa0000 - 0x000007fefdbcd000 	C:\Windows\system32\RPCRT4.dll
0x0000000077560000 - 0x000000007765a000 	C:\Windows\system32\USER32.dll
0x000007feff7f0000 - 0x000007feff857000 	C:\Windows\system32\GDI32.dll
0x000007fefe110000 - 0x000007fefe11e000 	C:\Windows\system32\LPK.dll
0x000007feff720000 - 0x000007feff7e9000 	C:\Windows\system32\USP10.dll
0x000007fefbdd0000 - 0x000007fefbfc4000 	C:\Windows\WinSxS\amd64_microsoft.windows.common-controls_6595b64144ccf1df_6.0.7601.17514_none_fa396087175ac9ac\COMCTL32.dll
0x000007fefe120000 - 0x000007fefe191000 	C:\Windows\system32\SHLWAPI.dll
0x000007fefdcd0000 - 0x000007fefdcfe000 	C:\Windows\system32\IMM32.DLL
0x000007fefe3b0000 - 0x000007fefe4b9000 	C:\Windows\system32\MSCTF.dll
0x0000000075250000 - 0x0000000075322000 	C:\Program Files\Java\jdk1.8.0_91\jre\bin\msvcr100.dll
0x000000005fdc0000 - 0x0000000060653000 	C:\Program Files\Java\jdk1.8.0_91\jre\bin\server\jvm.dll
0x000007fef7100000 - 0x000007fef7109000 	C:\Windows\system32\WSOCK32.dll
0x000007fefe020000 - 0x000007fefe06d000 	C:\Windows\system32\WS2_32.dll
0x000007feff860000 - 0x000007feff868000 	C:\Windows\system32\NSI.dll
0x000007fef8640000 - 0x000007fef867b000 	C:\Windows\system32\WINMM.dll
0x000007fefc830000 - 0x000007fefc83c000 	C:\Windows\system32\VERSION.dll
0x0000000077950000 - 0x0000000077957000 	C:\Windows\system32\PSAPI.DLL
0x000000006c910000 - 0x000000006c91f000 	C:\Program Files\Java\jdk1.8.0_91\jre\bin\verify.dll
0x0000000065820000 - 0x0000000065849000 	C:\Program Files\Java\jdk1.8.0_91\jre\bin\java.dll
0x000000006c5a0000 - 0x000000006c5b6000 	C:\Program Files\Java\jdk1.8.0_91\jre\bin\zip.dll
0x000007fefe560000 - 0x000007feff2e8000 	C:\Windows\system32\SHELL32.dll
0x000007fefe1a0000 - 0x000007fefe3a3000 	C:\Windows\system32\ole32.dll
0x000007fefd6d0000 - 0x000007fefd6df000 	C:\Windows\system32\profapi.dll

VM Arguments:
jvm_args: -Djava.awt.headless=true -Xmx1024M -Dfile.encoding=windows-1252 -Duser.country=VE -Duser.language=es -Duser.variant 
java_command: com.android.dx.command.Main --dex --num-threads=4 --output C:\Users\Ale\Desktop\NextDots\Defyu Demo\Defyu Normal\pruebadagger\app\build\intermediates\pre-dexed\debug\com.android.support-support-media-compat-25.1.0_6ed011a7d47361facc159d08c42c8255ae2ea32e.jar C:\Users\Ale\Desktop\NextDots\Defyu Demo\Defyu Normal\pruebadagger\app\build\intermediates\exploded-aar\com.android.support\support-media-compat\25.1.0\jars\classes.jar
java_class_path (initial): C:\Users\Ale\AppData\Local\Android\sdk\build-tools\25.0.0\lib\dx.jar
Launcher Type: SUN_STANDARD

Environment Variables:
PATH=C:\ProgramData\Oracle\Java\javapath;C:\Windows\system32;C:\Windows;C:\Windows\System32\Wbem;C:\Windows\System32\WindowsPowerShell\v1.0\;C:\Program Files\Git\cmd;C:\Program Files (x86)\GtkSharp\2.12\bin;C:\Program Files (x86)\Skype\Phone\;C:\Program Files\nodejs\;C:\Program Files\PuTTY\;C:\Program Files (x86)\Nmap;C:\Program Files (x86)\SammaulTech\PhoenixSuit\;C:\Users\Ale\AppData\Roaming\npm
USERNAME=Ale
OS=Windows_NT
PROCESSOR_IDENTIFIER=Intel64 Family 6 Model 37 Stepping 5, GenuineIntel



---------------  S Y S T E M  ---------------

OS: Windows 7 , 64 bit Build 7601 (6.1.7601.17514)

CPU:total 4 (2 cores per cpu, 2 threads per core) family 6 model 37 stepping 5, cmov, cx8, fxsr, mmx, sse, sse2, sse3, ssse3, sse4.1, sse4.2, popcnt, ht, tsc, tscinvbit

Memory: 4k page, physical 6083712k(130348k free), swap 13477704k(5388k free)

vm_info: Java HotSpot(TM) 64-Bit Server VM (25.91-b15) for windows-amd64 JRE (1.8.0_91-b15), built on May 20 2016 17:43:15 by "java_re" with MS VC++ 10.0 (VS2010)

time: Tue Feb 28 19:18:45 2017
elapsed time: 22 seconds (0d 0h 0m 22s)

