#
# There is insufficient memory for the Java Runtime Environment to continue.
# Native memory allocation (malloc) failed to allocate 1631216 bytes for Chunk::new
# Possible reasons:
#   The system is out of physical RAM or swap space
#   In 32 bit mode, the process size limit was hit
# Possible solutions:
#   Reduce memory load on the system
#   Increase physical memory or swap space
#   Check if swap backing store is full
#   Use 64 bit Java on a 64 bit OS
#   Decrease Java heap size (-Xmx/-Xms)
#   Decrease number of Java threads
#   Decrease Java thread stack sizes (-Xss)
#   Set larger code cache with -XX:ReservedCodeCacheSize=
# This output file may be truncated or incomplete.
#
#  Out of Memory Error (allocation.cpp:390), pid=8128, tid=8956
#
# JRE version: Java(TM) SE Runtime Environment (8.0_91-b15) (build 1.8.0_91-b15)
# Java VM: Java HotSpot(TM) 64-Bit Server VM (25.91-b15 mixed mode windows-amd64 compressed oops)
# Failed to write core dump. Minidumps are not enabled by default on client versions of Windows
#

---------------  T H R E A D  ---------------

Current thread (0x00000000551a3800):  JavaThread "C2 CompilerThread0" daemon [_thread_in_native, id=8956, stack(0x0000000056510000,0x0000000056610000)]

Stack: [0x0000000056510000,0x0000000056610000]
[error occurred during error reporting (printing stack bounds), id 0xc0000005]

Native frames: (J=compiled Java code, j=interpreted, Vv=VM code, C=native code)


Current CompileTask:
C2:  27969 1984       4       com.android.dx.dex.code.OutputFinisher::addConstants (93 bytes)


---------------  P R O C E S S  ---------------

Java Threads: ( => current thread )
  0x00000000551ac000 JavaThread "Service Thread" daemon [_thread_blocked, id=8452, stack(0x0000000056cb0000,0x0000000056db0000)]
  0x00000000551a9800 JavaThread "C1 CompilerThread2" daemon [_thread_in_native, id=8532, stack(0x0000000056e10000,0x0000000056f10000)]
  0x00000000551a8800 JavaThread "C2 CompilerThread1" daemon [_thread_blocked, id=5028, stack(0x0000000056b60000,0x0000000056c60000)]
=>0x00000000551a3800 JavaThread "C2 CompilerThread0" daemon [_thread_in_native, id=8956, stack(0x0000000056510000,0x0000000056610000)]
  0x00000000551a0000 JavaThread "Attach Listener" daemon [_thread_blocked, id=7216, stack(0x00000000569b0000,0x0000000056ab0000)]
  0x000000005519e800 JavaThread "Signal Dispatcher" daemon [_thread_blocked, id=6140, stack(0x0000000056880000,0x0000000056980000)]
  0x0000000055189000 JavaThread "Finalizer" daemon [_thread_blocked, id=9176, stack(0x0000000056660000,0x0000000056760000)]
  0x0000000055142000 JavaThread "Reference Handler" daemon [_thread_blocked, id=2952, stack(0x00000000563f0000,0x00000000564f0000)]
  0x000000000229e800 JavaThread "main" [_thread_in_Java, id=2900, stack(0x0000000002510000,0x0000000002610000)]

Other Threads:
  0x000000005513a800 VMThread [stack: 0x0000000056280000,0x0000000056380000] [id=3404]
  0x0000000056f82800 WatcherThread [stack: 0x00000000573c0000,0x00000000574c0000] [id=6044]

VM state:not at safepoint (normal execution)

VM Mutex/Monitor currently owned by a thread:  ([mutex/lock_event])
[0x000000000229b8f0] Patching_lock - owner thread: 0x0000000000000000

Heap:
 PSYoungGen      total 52736K, used 33264K [0x00000000eab00000, 0x00000000f1200000, 0x0000000100000000)
  eden space 49152K, 60% used [0x00000000eab00000,0x00000000ec800270,0x00000000edb00000)
  from space 3584K, 99% used [0x00000000edb00000,0x00000000ede7c058,0x00000000ede80000)
  to   space 3584K, 0% used [0x00000000f0e80000,0x00000000f0e80000,0x00000000f1200000)
 ParOldGen       total 64512K, used 12685K [0x00000000c0000000, 0x00000000c3f00000, 0x00000000eab00000)
  object space 64512K, 19% used [0x00000000c0000000,0x00000000c0c63648,0x00000000c3f00000)
 Metaspace       used 6487K, capacity 7440K, committed 7680K, reserved 1056768K
  class space    used 611K, capacity 648K, committed 768K, reserved 1048576K

Card table byte_map: [0x0000000011ca0000,0x0000000011eb0000] byte_map_base: 0x00000000116a0000

Marking Bits: (ParMarkBitMap*) 0x00000000605d2f70
 Begin Bits: [0x00000000125b0000, 0x00000000135b0000)
 End Bits:   [0x00000000135b0000, 0x00000000145b0000)

Polling page: 0x0000000000230000

CodeCache: size=245760Kb used=9932Kb max_used=9932Kb free=235827Kb
 bounds [0x00000000028e0000, 0x00000000032a0000, 0x00000000118e0000]
 total_blobs=2443 nmethods=2179 adapters=177
 compilation: enabled

Compilation events (10 events):
Event: 27.951 Thread 0x00000000551a9800 nmethod 2243 0x0000000003293cd0 code [0x0000000003293e40, 0x00000000032940c8]
Event: 27.951 Thread 0x00000000551a9800 2244       3       com.android.dx.dex.file.DebugInfoEncoder::emitLocalsAtAddress (150 bytes)
Event: 27.953 Thread 0x00000000551a9800 nmethod 2244 0x0000000003295b50 code [0x0000000003295de0, 0x00000000032971a8]
Event: 27.953 Thread 0x00000000551a9800 2245       3       com.android.dx.dex.file.DebugInfoEncoder::emitPositionsAtAddress (48 bytes)
Event: 27.954 Thread 0x00000000551a9800 nmethod 2245 0x00000000032979d0 code [0x0000000003297be0, 0x00000000032985c8]
Event: 27.955 Thread 0x00000000551a9800 2246       3       com.android.dx.dex.file.DebugInfoEncoder$1::compare (13 bytes)
Event: 27.955 Thread 0x00000000551a9800 nmethod 2246 0x00000000032935d0 code [0x0000000003293760, 0x0000000003293b50]
Event: 27.955 Thread 0x00000000551a9800 2247       3       com.android.dx.dex.file.DebugInfoEncoder$1::compare (10 bytes)
Event: 27.955 Thread 0x00000000551a9800 nmethod 2247 0x00000000032931d0 code [0x0000000003293340, 0x00000000032934f0]
Event: 27.956 Thread 0x00000000551a9800 2248       3       com.android.dx.dex.file.DebugInfoEncoder::emitPosition (214 bytes)

GC Heap History (6 events):
Event: 3.458 GC heap before
{Heap before GC invocations=1 (full 0):
 PSYoungGen      total 28160K, used 24576K [0x00000000eab00000, 0x00000000eca00000, 0x0000000100000000)
  eden space 24576K, 100% used [0x00000000eab00000,0x00000000ec300000,0x00000000ec300000)
  from space 3584K, 0% used [0x00000000ec680000,0x00000000ec680000,0x00000000eca00000)
  to   space 3584K, 0% used [0x00000000ec300000,0x00000000ec300000,0x00000000ec680000)
 ParOldGen       total 64512K, used 0K [0x00000000c0000000, 0x00000000c3f00000, 0x00000000eab00000)
  object space 64512K, 0% used [0x00000000c0000000,0x00000000c0000000,0x00000000c3f00000)
 Metaspace       used 5734K, capacity 6832K, committed 7040K, reserved 1056768K
  class space    used 587K, capacity 616K, committed 640K, reserved 1048576K
Event: 3.559 GC heap after
Heap after GC invocations=1 (full 0):
 PSYoungGen      total 28160K, used 3576K [0x00000000eab00000, 0x00000000ee200000, 0x0000000100000000)
  eden space 24576K, 0% used [0x00000000eab00000,0x00000000eab00000,0x00000000ec300000)
  from space 3584K, 99% used [0x00000000ec300000,0x00000000ec67e068,0x00000000ec680000)
  to   space 3584K, 0% used [0x00000000ede80000,0x00000000ede80000,0x00000000ee200000)
 ParOldGen       total 64512K, used 1404K [0x00000000c0000000, 0x00000000c3f00000, 0x00000000eab00000)
  object space 64512K, 2% used [0x00000000c0000000,0x00000000c015f238,0x00000000c3f00000)
 Metaspace       used 5734K, capacity 6832K, committed 7040K, reserved 1056768K
  class space    used 587K, capacity 616K, committed 640K, reserved 1048576K
}
Event: 4.404 GC heap before
{Heap before GC invocations=2 (full 0):
 PSYoungGen      total 28160K, used 28152K [0x00000000eab00000, 0x00000000ee200000, 0x0000000100000000)
  eden space 24576K, 100% used [0x00000000eab00000,0x00000000ec300000,0x00000000ec300000)
  from space 3584K, 99% used [0x00000000ec300000,0x00000000ec67e068,0x00000000ec680000)
  to   space 3584K, 0% used [0x00000000ede80000,0x00000000ede80000,0x00000000ee200000)
 ParOldGen       total 64512K, used 1404K [0x00000000c0000000, 0x00000000c3f00000, 0x00000000eab00000)
  object space 64512K, 2% used [0x00000000c0000000,0x00000000c015f238,0x00000000c3f00000)
 Metaspace       used 5957K, capacity 7024K, committed 7296K, reserved 1056768K
  class space    used 589K, capacity 616K, committed 640K, reserved 1048576K
Event: 5.141 GC heap after
Heap after GC invocations=2 (full 0):
 PSYoungGen      total 52736K, used 3552K [0x00000000eab00000, 0x00000000ee200000, 0x0000000100000000)
  eden space 49152K, 0% used [0x00000000eab00000,0x00000000eab00000,0x00000000edb00000)
  from space 3584K, 99% used [0x00000000ede80000,0x00000000ee1f8028,0x00000000ee200000)
  to   space 3584K, 0% used [0x00000000edb00000,0x00000000edb00000,0x00000000ede80000)
 ParOldGen       total 64512K, used 4963K [0x00000000c0000000, 0x00000000c3f00000, 0x00000000eab00000)
  object space 64512K, 7% used [0x00000000c0000000,0x00000000c04d8d08,0x00000000c3f00000)
 Metaspace       used 5957K, capacity 7024K, committed 7296K, reserved 1056768K
  class space    used 589K, capacity 616K, committed 640K, reserved 1048576K
}
Event: 19.054 GC heap before
{Heap before GC invocations=3 (full 0):
 PSYoungGen      total 52736K, used 52704K [0x00000000eab00000, 0x00000000ee200000, 0x0000000100000000)
  eden space 49152K, 100% used [0x00000000eab00000,0x00000000edb00000,0x00000000edb00000)
  from space 3584K, 99% used [0x00000000ede80000,0x00000000ee1f8028,0x00000000ee200000)
  to   space 3584K, 0% used [0x00000000edb00000,0x00000000edb00000,0x00000000ede80000)
 ParOldGen       total 64512K, used 4963K [0x00000000c0000000, 0x00000000c3f00000, 0x00000000eab00000)
  object space 64512K, 7% used [0x00000000c0000000,0x00000000c04d8d08,0x00000000c3f00000)
 Metaspace       used 6138K, capacity 7152K, committed 7296K, reserved 1056768K
  class space    used 591K, capacity 616K, committed 640K, reserved 1048576K
Event: 19.416 GC heap after
Heap after GC invocations=3 (full 0):
 PSYoungGen      total 52736K, used 3568K [0x00000000eab00000, 0x00000000f1200000, 0x0000000100000000)
  eden space 49152K, 0% used [0x00000000eab00000,0x00000000eab00000,0x00000000edb00000)
  from space 3584K, 99% used [0x00000000edb00000,0x00000000ede7c058,0x00000000ede80000)
  to   space 3584K, 0% used [0x00000000f0e80000,0x00000000f0e80000,0x00000000f1200000)
 ParOldGen       total 64512K, used 12685K [0x00000000c0000000, 0x00000000c3f00000, 0x00000000eab00000)
  object space 64512K, 19% used [0x00000000c0000000,0x00000000c0c63648,0x00000000c3f00000)
 Metaspace       used 6138K, capacity 7152K, committed 7296K, reserved 1056768K
  class space    used 591K, capacity 616K, committed 640K, reserved 1048576K
}

Deoptimization events (10 events):
Event: 27.235 Thread 0x000000000229e800 Uncommon trap: reason=class_check action=maybe_recompile pc=0x000000000317b13c method=java.util.HashMap.putVal(ILjava/lang/Object;Ljava/lang/Object;ZZ)Ljava/lang/Object; @ 203
Event: 27.235 Thread 0x000000000229e800 Uncommon trap: reason=class_check action=maybe_recompile pc=0x000000000317b13c method=java.util.HashMap.putVal(ILjava/lang/Object;Ljava/lang/Object;ZZ)Ljava/lang/Object; @ 203
Event: 27.237 Thread 0x000000000229e800 Uncommon trap: reason=class_check action=maybe_recompile pc=0x000000000317b13c method=java.util.HashMap.putVal(ILjava/lang/Object;Ljava/lang/Object;ZZ)Ljava/lang/Object; @ 203
Event: 27.237 Thread 0x000000000229e800 Uncommon trap: reason=class_check action=maybe_recompile pc=0x000000000317b13c method=java.util.HashMap.putVal(ILjava/lang/Object;Ljava/lang/Object;ZZ)Ljava/lang/Object; @ 203
Event: 27.532 Thread 0x000000000229e800 Uncommon trap: reason=speculate_class_check action=maybe_recompile pc=0x0000000002c376d0 method=com.android.dx.util.FixedSizeList.equals(Ljava/lang/Object;)Z @ 25
Event: 27.533 Thread 0x000000000229e800 Uncommon trap: reason=speculate_class_check action=maybe_recompile pc=0x0000000002c376d0 method=com.android.dx.util.FixedSizeList.equals(Ljava/lang/Object;)Z @ 25
Event: 27.533 Thread 0x000000000229e800 Uncommon trap: reason=speculate_class_check action=maybe_recompile pc=0x0000000002c376d0 method=com.android.dx.util.FixedSizeList.equals(Ljava/lang/Object;)Z @ 25
Event: 27.540 Thread 0x000000000229e800 Uncommon trap: reason=speculate_class_check action=maybe_recompile pc=0x0000000002c376d0 method=com.android.dx.util.FixedSizeList.equals(Ljava/lang/Object;)Z @ 25
Event: 27.555 Thread 0x000000000229e800 Uncommon trap: reason=unstable_if action=reinterpret pc=0x00000000030bc94c method=java.util.TreeMap.put(Ljava/lang/Object;Ljava/lang/Object;)Ljava/lang/Object; @ 163
Event: 27.849 Thread 0x000000000229e800 Uncommon trap: reason=unstable_if action=reinterpret pc=0x00000000030dae90 method=java.util.ArrayList.<init>(I)V @ 5

Internal exceptions (6 events):
Event: 0.193 Thread 0x000000000229e800 Exception <a 'java/lang/NoSuchMethodError': Method sun.misc.Unsafe.defineClass(Ljava/lang/String;[BII)Ljava/lang/Class; name or signature does not match> (0x00000000eab07cc0) thrown at [C:\re\workspace\8-2-build-windows-amd64-cygwin\jdk8u91\7017\hotspot\sr|…üc½­È?
Event: 0.193 Thread 0x000000000229e800 Exception <a 'java/lang/NoSuchMethodError': Method sun.misc.Unsafe.prefetchRead(Ljava/lang/Object;J)V name or signature does not match> (0x00000000eab07fa8) thrown at [C:\re\workspace\8-2-build-windows-amd64-cygwin\jdk8u91\7017\hotspot\src\share\vm\prims\jÈ¿Àuk³@
Event: 4.175 Thread 0x000000000229e800 Implicit null exception at 0x0000000002d1d573 to 0x0000000002d1f775
Event: 12.242 Thread 0x0000000057178000 Implicit null exception at 0x0000000002f72da7 to 0x0000000002f742e1
Event: 13.947 Thread 0x0000000057178000 Implicit null exception at 0x0000000002d7a9bb to 0x0000000002d7c855
Event: 14.326 Thread 0x0000000057178000 Implicit null exception at 0x00000000030245d2 to 0x00000000030246c2

Events (10 events):
Event: 27.607 loading class com/android/dx/rop/code/RegisterSpecList$Expander done
Event: 27.846 loading class com/android/dx/dex/file/DebugInfoEncoder
Event: 27.846 loading class com/android/dx/dex/file/DebugInfoEncoder done
Event: 27.848 loading class com/android/dx/dex/file/DebugInfoEncoder$1
Event: 27.848 loading class com/android/dx/dex/file/DebugInfoEncoder$1 done
Event: 27.849 Thread 0x000000000229e800 Uncommon trap: trap_request=0xffffff65 fr.pc=0x00000000030dae90
Event: 27.849 Thread 0x000000000229e800 DEOPT PACKING pc=0x00000000030dae90 sp=0x000000000260ec60
Event: 27.849 Thread 0x000000000229e800 DEOPT UNPACKING pc=0x000000000292582a sp=0x000000000260ec08 mode 2
Event: 27.849 loading class com/android/dx/dex/file/DebugInfoEncoder$2
Event: 27.849 loading class com/android/dx/dex/file/DebugInfoEncoder$2 done


Dynamic libraries:
0x000000013fb70000 - 0x000000013fba7000 	C:\Program Files\Java\jdk1.8.0_91\bin\java.exe
0x0000000077780000 - 0x0000000077929000 	C:\Windows\SYSTEM32\ntdll.dll
0x0000000077660000 - 0x000000007777f000 	C:\Windows\system32\kernel32.dll
0x000007fefd820000 - 0x000007fefd88b000 	C:\Windows\system32\KERNELBASE.dll
0x000007fefdbf0000 - 0x000007fefdccb000 	C:\Windows\system32\ADVAPI32.dll
0x000007feff550000 - 0x000007feff5ef000 	C:\Windows\system32\msvcrt.dll
0x000007fefe0f0000 - 0x000007fefe10f000 	C:\Windows\SYSTEM32\sechost.dll
0x000007fefdaa0000 - 0x000007fefdbcd000 	C:\Windows\system32\RPCRT4.dll
0x0000000077560000 - 0x000000007765a000 	C:\Windows\system32\USER32.dll
0x000007feff7f0000 - 0x000007feff857000 	C:\Windows\system32\GDI32.dll
0x000007fefe110000 - 0x000007fefe11e000 	C:\Windows\system32\LPK.dll
0x000007feff720000 - 0x000007feff7e9000 	C:\Windows\system32\USP10.dll
0x000007fefbdd0000 - 0x000007fefbfc4000 	C:\Windows\WinSxS\amd64_microsoft.windows.common-controls_6595b64144ccf1df_6.0.7601.17514_none_fa396087175ac9ac\COMCTL32.dll
0x000007fefe120000 - 0x000007fefe191000 	C:\Windows\system32\SHLWAPI.dll
0x000007fefdcd0000 - 0x000007fefdcfe000 	C:\Windows\system32\IMM32.DLL
0x000007fefe3b0000 - 0x000007fefe4b9000 	C:\Windows\system32\MSCTF.dll
0x0000000075250000 - 0x0000000075322000 	C:\Program Files\Java\jdk1.8.0_91\jre\bin\msvcr100.dll
0x000000005fdc0000 - 0x0000000060653000 	C:\Program Files\Java\jdk1.8.0_91\jre\bin\server\jvm.dll
0x000007fef7100000 - 0x000007fef7109000 	C:\Windows\system32\WSOCK32.dll
0x000007fefe020000 - 0x000007fefe06d000 	C:\Windows\system32\WS2_32.dll
0x000007feff860000 - 0x000007feff868000 	C:\Windows\system32\NSI.dll
0x000007fef8640000 - 0x000007fef867b000 	C:\Windows\system32\WINMM.dll
0x000007fefc830000 - 0x000007fefc83c000 	C:\Windows\system32\VERSION.dll
0x0000000077950000 - 0x0000000077957000 	C:\Windows\system32\PSAPI.DLL
0x000000006c910000 - 0x000000006c91f000 	C:\Program Files\Java\jdk1.8.0_91\jre\bin\verify.dll
0x0000000065820000 - 0x0000000065849000 	C:\Program Files\Java\jdk1.8.0_91\jre\bin\java.dll
0x000000006c5a0000 - 0x000000006c5b6000 	C:\Program Files\Java\jdk1.8.0_91\jre\bin\zip.dll
0x000007fefe560000 - 0x000007feff2e8000 	C:\Windows\system32\SHELL32.dll
0x000007fefe1a0000 - 0x000007fefe3a3000 	C:\Windows\system32\ole32.dll
0x000007fefd6d0000 - 0x000007fefd6df000 	C:\Windows\system32\profapi.dll

VM Arguments:
jvm_args: -Djava.awt.headless=true -Xmx1024M -Dfile.encoding=windows-1252 -Duser.country=VE -Duser.language=es -Duser.variant 
java_command: com.android.dx.command.Main --dex --num-threads=4 --output C:\Users\Ale\Desktop\NextDots\Defyu Demo\Defyu Normal\pruebadagger\app\build\intermediates\pre-dexed\debug\com.android.support-support-media-compat-25.1.0_6ed011a7d47361facc159d08c42c8255ae2ea32e.jar C:\Users\Ale\Desktop\NextDots\Defyu Demo\Defyu Normal\pruebadagger\app\build\intermediates\exploded-aar\com.android.support\support-media-compat\25.1.0\jars\classes.jar
java_class_path (initial): C:\Users\Ale\AppData\Local\Android\sdk\build-tools\25.0.0\lib\dx.jar
Launcher Type: SUN_STANDARD

Environment Variables:
PATH=C:\ProgramData\Oracle\Java\javapath;C:\Windows\system32;C:\Windows;C:\Windows\System32\Wbem;C:\Windows\System32\WindowsPowerShell\v1.0\;C:\Program Files\Git\cmd;C:\Program Files (x86)\GtkSharp\2.12\bin;C:\Program Files (x86)\Skype\Phone\;C:\Program Files\nodejs\;C:\Program Files\PuTTY\;C:\Program Files (x86)\Nmap;C:\Program Files (x86)\SammaulTech\PhoenixSuit\;C:\Users\Ale\AppData\Roaming\npm
USERNAME=Ale
OS=Windows_NT
PROCESSOR_IDENTIFIER=Intel64 Family 6 Model 37 Stepping 5, GenuineIntel



---------------  S Y S T E M  ---------------

OS: Windows 7 , 64 bit Build 7601 (6.1.7601.17514)

CPU:total 4 (2 cores per cpu, 2 threads per core) family 6 model 37 stepping 5, cmov, cx8, fxsr, mmx, sse, sse2, sse3, ssse3, sse4.1, sse4.2, popcnt, ht, tsc, tscinvbit

Memory: 4k page, physical 6083712k(31260k free), swap 13478632k(5296k free)

vm_info: Java HotSpot(TM) 64-Bit Server VM (25.91-b15) for windows-amd64 JRE (1.8.0_91-b15), built on May 20 2016 17:43:15 by "java_re" with MS VC++ 10.0 (VS2010)

time: Tue Feb 28 19:28:15 2017
elapsed time: 27 seconds (0d 0h 0m 27s)

