#
# There is insufficient memory for the Java Runtime Environment to continue.
# Native memory allocation (malloc) failed to allocate 834816 bytes for Chunk::new
# Possible reasons:
#   The system is out of physical RAM or swap space
#   In 32 bit mode, the process size limit was hit
# Possible solutions:
#   Reduce memory load on the system
#   Increase physical memory or swap space
#   Check if swap backing store is full
#   Use 64 bit Java on a 64 bit OS
#   Decrease Java heap size (-Xmx/-Xms)
#   Decrease number of Java threads
#   Decrease Java thread stack sizes (-Xss)
#   Set larger code cache with -XX:ReservedCodeCacheSize=
# This output file may be truncated or incomplete.
#
#  Out of Memory Error (allocation.cpp:390), pid=1364, tid=8888
#
# JRE version: Java(TM) SE Runtime Environment (8.0_91-b15) (build 1.8.0_91-b15)
# Java VM: Java HotSpot(TM) 64-Bit Server VM (25.91-b15 mixed mode windows-amd64 compressed oops)
# Failed to write core dump. Minidumps are not enabled by default on client versions of Windows
#

---------------  T H R E A D  ---------------

Current thread (0x0000000056608000):  JavaThread "C2 CompilerThread0" daemon [_thread_in_native, id=8888, stack(0x0000000056ea0000,0x0000000056fa0000)]

Stack: [0x0000000056ea0000,0x0000000056fa0000]
[error occurred during error reporting (printing stack bounds), id 0xc0000005]

Native frames: (J=compiled Java code, j=interpreted, Vv=VM code, C=native code)


Current CompileTask:
C2:   4430  885       4       com.android.dx.ssa.NormalSsaInsn::accept (25 bytes)


---------------  P R O C E S S  ---------------

Java Threads: ( => current thread )
  0x00000000568d5800 JavaThread "pool-1-thread-4" [_thread_blocked, id=5532, stack(0x0000000057310000,0x0000000057410000)]
  0x00000000568d3000 JavaThread "pool-1-thread-3" [_thread_in_Java, id=3476, stack(0x0000000057670000,0x0000000057770000)]
  0x00000000569d4800 JavaThread "pool-1-thread-2" [_thread_blocked, id=3012, stack(0x0000000057550000,0x0000000057650000)]
  0x00000000569cf000 JavaThread "pool-2-thread-1" [_thread_blocked, id=372, stack(0x0000000057410000,0x0000000057510000)]
  0x00000000569cd000 JavaThread "pool-1-thread-1" [_thread_blocked, id=7928, stack(0x0000000057210000,0x0000000057310000)]
  0x000000005667a800 JavaThread "Service Thread" daemon [_thread_blocked, id=1640, stack(0x00000000563f0000,0x00000000564f0000)]
  0x00000000551ae800 JavaThread "C1 CompilerThread2" daemon [_thread_in_native, id=7456, stack(0x0000000056fd0000,0x00000000570d0000)]
  0x00000000551a6000 JavaThread "C2 CompilerThread1" daemon [_thread_in_native, id=8456, stack(0x0000000056170000,0x0000000056270000)]
=>0x0000000056608000 JavaThread "C2 CompilerThread0" daemon [_thread_in_native, id=8888, stack(0x0000000056ea0000,0x0000000056fa0000)]
  0x0000000056605000 JavaThread "Attach Listener" daemon [_thread_blocked, id=8708, stack(0x0000000056cb0000,0x0000000056db0000)]
  0x0000000056600800 JavaThread "Signal Dispatcher" daemon [_thread_blocked, id=2360, stack(0x0000000056b40000,0x0000000056c40000)]
  0x0000000055189000 JavaThread "Finalizer" daemon [_thread_blocked, id=7804, stack(0x0000000056500000,0x0000000056600000)]
  0x0000000055142000 JavaThread "Reference Handler" daemon [_thread_blocked, id=6568, stack(0x00000000562d0000,0x00000000563d0000)]
  0x000000000221e800 JavaThread "main" [_thread_blocked, id=4748, stack(0x0000000002420000,0x0000000002520000)]

Other Threads:
  0x000000005513a800 VMThread [stack: 0x0000000056070000,0x0000000056170000] [id=6484]
  0x0000000056684800 WatcherThread [stack: 0x0000000056a40000,0x0000000056b40000] [id=8976]

VM state:not at safepoint (normal execution)

VM Mutex/Monitor currently owned by a thread: None

Heap:
 PSYoungGen      total 28160K, used 7919K [0x00000000eab00000, 0x00000000edf80000, 0x0000000100000000)
  eden space 24576K, 17% used [0x00000000eab00000,0x00000000eaf3bde0,0x00000000ec300000)
  from space 3584K, 100% used [0x00000000ec300000,0x00000000ec680000,0x00000000ec680000)
  to   space 3584K, 0% used [0x00000000edc00000,0x00000000edc00000,0x00000000edf80000)
 ParOldGen       total 29696K, used 3135K [0x00000000c0000000, 0x00000000c1d00000, 0x00000000eab00000)
  object space 29696K, 10% used [0x00000000c0000000,0x00000000c030feb8,0x00000000c1d00000)
 Metaspace       used 5907K, capacity 6896K, committed 7040K, reserved 1058816K
  class space    used 591K, capacity 616K, committed 640K, reserved 1048576K

Card table byte_map: [0x0000000011bb0000,0x0000000011dc0000] byte_map_base: 0x00000000115b0000

Marking Bits: (ParMarkBitMap*) 0x00000000605d2f70
 Begin Bits: [0x00000000125b0000, 0x00000000135b0000)
 End Bits:   [0x00000000135b0000, 0x00000000145b0000)

Polling page: 0x0000000001b60000

CodeCache: size=245760Kb used=3244Kb max_used=3244Kb free=242515Kb
 bounds [0x00000000027f0000, 0x0000000002b30000, 0x00000000117f0000]
 total_blobs=1110 nmethods=847 adapters=176
 compilation: enabled

Compilation events (10 events):
Event: 4.377 Thread 0x00000000551a6000  862       4       com.android.dx.rop.code.RegisterSpec::equals (51 bytes)
Event: 4.379 Thread 0x0000000056608000 nmethod 890 0x0000000002b12690 code [0x0000000002b12820, 0x0000000002b130f8]
Event: 4.379 Thread 0x0000000056608000  887       4       com.android.dx.rop.cst.Constant::compareTo (33 bytes)
Event: 4.381 Thread 0x0000000056608000 nmethod 887 0x0000000002b0e6d0 code [0x0000000002b0e820, 0x0000000002b0e9f8]
Event: 4.381 Thread 0x0000000056608000  885       4       com.android.dx.ssa.NormalSsaInsn::accept (25 bytes)
Event: 4.383 Thread 0x00000000551a6000 nmethod 862 0x0000000002b0f910 code [0x0000000002b0fa80, 0x0000000002b0ff38]
Event: 4.383 Thread 0x00000000551a6000  888       4       com.android.dx.ssa.SsaBasicBlock::forEachInsn (37 bytes)
Event: 4.385 Thread 0x00000000551ae800 nmethod 978 0x0000000002b15850 code [0x0000000002b15f80, 0x0000000002b18ff8]
Event: 4.385 Thread 0x00000000551ae800  979       2       com.android.dx.cf.code.RopperMachine::getSources (264 bytes)
Event: 4.389 Thread 0x00000000551ae800 nmethod 979 0x0000000002b1f950 code [0x0000000002b1fd60, 0x0000000002b215f8]

GC Heap History (8 events):
Event: 2.673 GC heap before
{Heap before GC invocations=1 (full 0):
 PSYoungGen      total 28160K, used 24576K [0x00000000eab00000, 0x00000000eca00000, 0x0000000100000000)
  eden space 24576K, 100% used [0x00000000eab00000,0x00000000ec300000,0x00000000ec300000)
  from space 3584K, 0% used [0x00000000ec680000,0x00000000ec680000,0x00000000eca00000)
  to   space 3584K, 0% used [0x00000000ec300000,0x00000000ec300000,0x00000000ec680000)
 ParOldGen       total 64512K, used 0K [0x00000000c0000000, 0x00000000c3f00000, 0x00000000eab00000)
  object space 64512K, 0% used [0x00000000c0000000,0x00000000c0000000,0x00000000c3f00000)
 Metaspace       used 5563K, capacity 6640K, committed 6784K, reserved 1056768K
  class space    used 581K, capacity 616K, committed 640K, reserved 1048576K
Event: 3.066 GC heap after
Heap after GC invocations=1 (full 0):
 PSYoungGen      total 28160K, used 3553K [0x00000000eab00000, 0x00000000eca00000, 0x0000000100000000)
  eden space 24576K, 0% used [0x00000000eab00000,0x00000000eab00000,0x00000000ec300000)
  from space 3584K, 99% used [0x00000000ec300000,0x00000000ec678760,0x00000000ec680000)
  to   space 3584K, 0% used [0x00000000ec680000,0x00000000ec680000,0x00000000eca00000)
 ParOldGen       total 64512K, used 63K [0x00000000c0000000, 0x00000000c3f00000, 0x00000000eab00000)
  object space 64512K, 0% used [0x00000000c0000000,0x00000000c000fe90,0x00000000c3f00000)
 Metaspace       used 5563K, capacity 6640K, committed 6784K, reserved 1056768K
  class space    used 581K, capacity 616K, committed 640K, reserved 1048576K
}
Event: 3.225 GC heap before
{Heap before GC invocations=2 (full 0):
 PSYoungGen      total 28160K, used 6856K [0x00000000eab00000, 0x00000000eca00000, 0x0000000100000000)
  eden space 24576K, 13% used [0x00000000eab00000,0x00000000eae39b20,0x00000000ec300000)
  from space 3584K, 99% used [0x00000000ec300000,0x00000000ec678760,0x00000000ec680000)
  to   space 3584K, 0% used [0x00000000ec680000,0x00000000ec680000,0x00000000eca00000)
 ParOldGen       total 64512K, used 63K [0x00000000c0000000, 0x00000000c3f00000, 0x00000000eab00000)
  object space 64512K, 0% used [0x00000000c0000000,0x00000000c000fe90,0x00000000c3f00000)
 Metaspace       used 5683K, capacity 6704K, committed 6784K, reserved 1060864K
  class space    used 586K, capacity 616K, committed 640K, reserved 1048576K
Event: 3.335 GC heap after
Heap after GC invocations=2 (full 0):
 PSYoungGen      total 28160K, used 2330K [0x00000000eab00000, 0x00000000eca00000, 0x0000000100000000)
  eden space 24576K, 0% used [0x00000000eab00000,0x00000000eab00000,0x00000000ec300000)
  from space 3584K, 65% used [0x00000000ec680000,0x00000000ec8c6a98,0x00000000eca00000)
  to   space 3584K, 0% used [0x00000000ec300000,0x00000000ec300000,0x00000000ec680000)
 ParOldGen       total 64512K, used 71K [0x00000000c0000000, 0x00000000c3f00000, 0x00000000eab00000)
  object space 64512K, 0% used [0x00000000c0000000,0x00000000c0011e90,0x00000000c3f00000)
 Metaspace       used 5683K, capacity 6704K, committed 6784K, reserved 1060864K
  class space    used 586K, capacity 616K, committed 640K, reserved 1048576K
}
Event: 3.335 GC heap before
{Heap before GC invocations=3 (full 1):
 PSYoungGen      total 28160K, used 2330K [0x00000000eab00000, 0x00000000eca00000, 0x0000000100000000)
  eden space 24576K, 0% used [0x00000000eab00000,0x00000000eab00000,0x00000000ec300000)
  from space 3584K, 65% used [0x00000000ec680000,0x00000000ec8c6a98,0x00000000eca00000)
  to   space 3584K, 0% used [0x00000000ec300000,0x00000000ec300000,0x00000000ec680000)
 ParOldGen       total 64512K, used 71K [0x00000000c0000000, 0x00000000c3f00000, 0x00000000eab00000)
  object space 64512K, 0% used [0x00000000c0000000,0x00000000c0011e90,0x00000000c3f00000)
 Metaspace       used 5683K, capacity 6704K, committed 6784K, reserved 1060864K
  class space    used 586K, capacity 616K, committed 640K, reserved 1048576K
Event: 3.430 GC heap after
Heap after GC invocations=3 (full 1):
 PSYoungGen      total 28160K, used 0K [0x00000000eab00000, 0x00000000eca00000, 0x0000000100000000)
  eden space 24576K, 0% used [0x00000000eab00000,0x00000000eab00000,0x00000000ec300000)
  from space 3584K, 0% used [0x00000000ec680000,0x00000000ec680000,0x00000000eca00000)
  to   space 3584K, 0% used [0x00000000ec300000,0x00000000ec300000,0x00000000ec680000)
 ParOldGen       total 29696K, used 2282K [0x00000000c0000000, 0x00000000c1d00000, 0x00000000eab00000)
  object space 29696K, 7% used [0x00000000c0000000,0x00000000c023a960,0x00000000c1d00000)
 Metaspace       used 5683K, capacity 6704K, committed 6784K, reserved 1058816K
  class space    used 586K, capacity 616K, committed 640K, reserved 1048576K
}
Event: 4.249 GC heap before
{Heap before GC invocations=4 (full 1):
 PSYoungGen      total 28160K, used 24576K [0x00000000eab00000, 0x00000000eca00000, 0x0000000100000000)
  eden space 24576K, 100% used [0x00000000eab00000,0x00000000ec300000,0x00000000ec300000)
  from space 3584K, 0% used [0x00000000ec680000,0x00000000ec680000,0x00000000eca00000)
  to   space 3584K, 0% used [0x00000000ec300000,0x00000000ec300000,0x00000000ec680000)
 ParOldGen       total 29696K, used 2282K [0x00000000c0000000, 0x00000000c1d00000, 0x00000000eab00000)
  object space 29696K, 7% used [0x00000000c0000000,0x00000000c023a960,0x00000000c1d00000)
 Metaspace       used 5893K, capacity 6896K, committed 7040K, reserved 1058816K
  class space    used 591K, capacity 616K, committed 640K, reserved 1048576K
Event: 4.313 GC heap after
Heap after GC invocations=4 (full 1):
 PSYoungGen      total 28160K, used 3584K [0x00000000eab00000, 0x00000000edf80000, 0x0000000100000000)
  eden space 24576K, 0% used [0x00000000eab00000,0x00000000eab00000,0x00000000ec300000)
  from space 3584K, 100% used [0x00000000ec300000,0x00000000ec680000,0x00000000ec680000)
  to   space 3584K, 0% used [0x00000000edc00000,0x00000000edc00000,0x00000000edf80000)
 ParOldGen       total 29696K, used 3135K [0x00000000c0000000, 0x00000000c1d00000, 0x00000000eab00000)
  object space 29696K, 10% used [0x00000000c0000000,0x00000000c030feb8,0x00000000c1d00000)
 Metaspace       used 5893K, capacity 6896K, committed 7040K, reserved 1058816K
  class space    used 591K, capacity 616K, committed 640K, reserved 1048576K
}

Deoptimization events (10 events):
Event: 3.561 Thread 0x00000000568d5800 Uncommon trap: reason=class_check action=maybe_recompile pc=0x0000000002a83fc0 method=com.android.dx.ssa.NormalSsaInsn.accept(Lcom/android/dx/ssa/SsaInsn$Visitor;)V @ 9
Event: 3.563 Thread 0x00000000568d3000 Uncommon trap: reason=class_check action=maybe_recompile pc=0x0000000002a83fc0 method=com.android.dx.ssa.NormalSsaInsn.accept(Lcom/android/dx/ssa/SsaInsn$Visitor;)V @ 9
Event: 3.569 Thread 0x00000000568d5800 Uncommon trap: reason=class_check action=maybe_recompile pc=0x0000000002a83fc0 method=com.android.dx.ssa.NormalSsaInsn.accept(Lcom/android/dx/ssa/SsaInsn$Visitor;)V @ 9
Event: 3.570 Thread 0x00000000568d3000 Uncommon trap: reason=class_check action=maybe_recompile pc=0x0000000002a3f4e0 method=com.android.dx.ssa.NormalSsaInsn.accept(Lcom/android/dx/ssa/SsaInsn$Visitor;)V @ 9
Event: 3.629 Thread 0x00000000569d4800 Uncommon trap: reason=unstable_if action=reinterpret pc=0x0000000002a10520 method=java.util.BitSet.nextSetBit(I)I @ 87
Event: 3.676 Thread 0x00000000569cd000 Uncommon trap: reason=class_check action=maybe_recompile pc=0x0000000002abc2ec method=com.android.dx.rop.type.Type.equals(Ljava/lang/Object;)Z @ 8
Event: 3.679 Thread 0x00000000568d5800 Uncommon trap: reason=class_check action=maybe_recompile pc=0x0000000002abc2ec method=com.android.dx.rop.type.Type.equals(Ljava/lang/Object;)Z @ 8
Event: 3.680 Thread 0x00000000568d5800 Uncommon trap: reason=class_check action=maybe_recompile pc=0x0000000002abc2ec method=com.android.dx.rop.type.Type.equals(Ljava/lang/Object;)Z @ 8
Event: 3.681 Thread 0x00000000568d5800 Uncommon trap: reason=class_check action=maybe_recompile pc=0x0000000002abc2ec method=com.android.dx.rop.type.Type.equals(Ljava/lang/Object;)Z @ 8
Event: 3.711 Thread 0x00000000569d4800 Uncommon trap: reason=unstable_if action=reinterpret pc=0x0000000002a83b44 method=com.android.dx.rop.cst.Constant.compareTo(Lcom/android/dx/rop/cst/Constant;)I @ 12

Internal exceptions (2 events):
Event: 0.163 Thread 0x000000000221e800 Exception <a 'java/lang/NoSuchMethodError': Method sun.misc.Unsafe.defineClass(Ljava/lang/String;[BII)Ljava/lang/Class; name or signature does not match> (0x00000000eab07cc0) thrown at [C:\re\workspace\8-2-build-windows-amd64-cygwin\jdk8u91\7017\hotspot\srú?ìÄ?
Event: 0.163 Thread 0x000000000221e800 Exception <a 'java/lang/NoSuchMethodError': Method sun.misc.Unsafe.prefetchRead(Ljava/lang/Object;J)V name or signature does not match> (0x00000000eab07fa8) thrown at [C:\re\workspace\8-2-build-windows-amd64-cygwin\jdk8u91\7017\hotspot\src\share\vm\prims\j`

Events (10 events):
Event: 4.344 Thread 0x00000000551ae800 flushing nmethod 0x00000000028fd910
Event: 4.344 Thread 0x00000000551ae800 flushing nmethod 0x0000000002914150
Event: 4.344 Thread 0x00000000551ae800 flushing nmethod 0x000000000291b110
Event: 4.344 Thread 0x00000000551ae800 flushing nmethod 0x000000000293e6d0
Event: 4.344 Thread 0x00000000551ae800 flushing nmethod 0x0000000002940350
Event: 4.344 Thread 0x00000000551ae800 flushing nmethod 0x0000000002940ed0
Event: 4.344 Thread 0x00000000551ae800 flushing nmethod 0x00000000029411d0
Event: 4.344 Thread 0x00000000551ae800 flushing nmethod 0x00000000029418d0
Event: 4.344 Thread 0x00000000551ae800 flushing nmethod 0x0000000002947dd0
Event: 4.344 Thread 0x00000000551ae800 flushing nmethod 0x00000000029488d0


Dynamic libraries:
0x000000013fb70000 - 0x000000013fba7000 	C:\Program Files\Java\jdk1.8.0_91\bin\java.exe
0x0000000077780000 - 0x0000000077929000 	C:\Windows\SYSTEM32\ntdll.dll
0x0000000077660000 - 0x000000007777f000 	C:\Windows\system32\kernel32.dll
0x000007fefd820000 - 0x000007fefd88b000 	C:\Windows\system32\KERNELBASE.dll
0x000007fefdbf0000 - 0x000007fefdccb000 	C:\Windows\system32\ADVAPI32.dll
0x000007feff550000 - 0x000007feff5ef000 	C:\Windows\system32\msvcrt.dll
0x000007fefe0f0000 - 0x000007fefe10f000 	C:\Windows\SYSTEM32\sechost.dll
0x000007fefdaa0000 - 0x000007fefdbcd000 	C:\Windows\system32\RPCRT4.dll
0x0000000077560000 - 0x000000007765a000 	C:\Windows\system32\USER32.dll
0x000007feff7f0000 - 0x000007feff857000 	C:\Windows\system32\GDI32.dll
0x000007fefe110000 - 0x000007fefe11e000 	C:\Windows\system32\LPK.dll
0x000007feff720000 - 0x000007feff7e9000 	C:\Windows\system32\USP10.dll
0x000007fefbdd0000 - 0x000007fefbfc4000 	C:\Windows\WinSxS\amd64_microsoft.windows.common-controls_6595b64144ccf1df_6.0.7601.17514_none_fa396087175ac9ac\COMCTL32.dll
0x000007fefe120000 - 0x000007fefe191000 	C:\Windows\system32\SHLWAPI.dll
0x000007fefdcd0000 - 0x000007fefdcfe000 	C:\Windows\system32\IMM32.DLL
0x000007fefe3b0000 - 0x000007fefe4b9000 	C:\Windows\system32\MSCTF.dll
0x0000000075250000 - 0x0000000075322000 	C:\Program Files\Java\jdk1.8.0_91\jre\bin\msvcr100.dll
0x000000005fdc0000 - 0x0000000060653000 	C:\Program Files\Java\jdk1.8.0_91\jre\bin\server\jvm.dll
0x000007fef7100000 - 0x000007fef7109000 	C:\Windows\system32\WSOCK32.dll
0x000007fefe020000 - 0x000007fefe06d000 	C:\Windows\system32\WS2_32.dll
0x000007feff860000 - 0x000007feff868000 	C:\Windows\system32\NSI.dll
0x000007fef8640000 - 0x000007fef867b000 	C:\Windows\system32\WINMM.dll
0x000007fefc830000 - 0x000007fefc83c000 	C:\Windows\system32\VERSION.dll
0x0000000077950000 - 0x0000000077957000 	C:\Windows\system32\PSAPI.DLL
0x000000006c910000 - 0x000000006c91f000 	C:\Program Files\Java\jdk1.8.0_91\jre\bin\verify.dll
0x0000000065820000 - 0x0000000065849000 	C:\Program Files\Java\jdk1.8.0_91\jre\bin\java.dll
0x000000006c5a0000 - 0x000000006c5b6000 	C:\Program Files\Java\jdk1.8.0_91\jre\bin\zip.dll
0x000007fefe560000 - 0x000007feff2e8000 	C:\Windows\system32\SHELL32.dll
0x000007fefe1a0000 - 0x000007fefe3a3000 	C:\Windows\system32\ole32.dll
0x000007fefd6d0000 - 0x000007fefd6df000 	C:\Windows\system32\profapi.dll

VM Arguments:
jvm_args: -Djava.awt.headless=true -Xmx1024M -Dfile.encoding=windows-1252 -Duser.country=VE -Duser.language=es -Duser.variant 
java_command: com.android.dx.command.Main --dex --num-threads=4 --output C:\Users\Ale\Desktop\NextDots\Defyu Demo\Defyu Normal\pruebadagger\app\build\intermediates\pre-dexed\debug\com.android.support-support-compat-25.1.0_b1437cc5739c76bf12acf03de79064473b390e9b.jar C:\Users\Ale\Desktop\NextDots\Defyu Demo\Defyu Normal\pruebadagger\app\build\intermediates\exploded-aar\com.android.support\support-compat\25.1.0\jars\classes.jar
java_class_path (initial): C:\Users\Ale\AppData\Local\Android\sdk\build-tools\25.0.0\lib\dx.jar
Launcher Type: SUN_STANDARD

Environment Variables:
PATH=C:\ProgramData\Oracle\Java\javapath;C:\Windows\system32;C:\Windows;C:\Windows\System32\Wbem;C:\Windows\System32\WindowsPowerShell\v1.0\;C:\Program Files\Git\cmd;C:\Program Files (x86)\GtkSharp\2.12\bin;C:\Program Files (x86)\Skype\Phone\;C:\Program Files\nodejs\;C:\Program Files\PuTTY\;C:\Program Files (x86)\Nmap;C:\Program Files (x86)\SammaulTech\PhoenixSuit\;C:\Users\Ale\AppData\Roaming\npm
USERNAME=Ale
OS=Windows_NT
PROCESSOR_IDENTIFIER=Intel64 Family 6 Model 37 Stepping 5, GenuineIntel



---------------  S Y S T E M  ---------------

OS: Windows 7 , 64 bit Build 7601 (6.1.7601.17514)

CPU:total 4 (2 cores per cpu, 2 threads per core) family 6 model 37 stepping 5, cmov, cx8, fxsr, mmx, sse, sse2, sse3, ssse3, sse4.1, sse4.2, popcnt, ht, tsc, tscinvbit

Memory: 4k page, physical 6083712k(33600k free), swap 13491744k(5108k free)

vm_info: Java HotSpot(TM) 64-Bit Server VM (25.91-b15) for windows-amd64 JRE (1.8.0_91-b15), built on May 20 2016 17:43:15 by "java_re" with MS VC++ 10.0 (VS2010)

time: Tue Feb 28 19:29:51 2017
elapsed time: 4 seconds (0d 0h 0m 4s)

