#
# There is insufficient memory for the Java Runtime Environment to continue.
# Native memory allocation (malloc) failed to allocate 32744 bytes for ChunkPool::allocate
# Possible reasons:
#   The system is out of physical RAM or swap space
#   In 32 bit mode, the process size limit was hit
# Possible solutions:
#   Reduce memory load on the system
#   Increase physical memory or swap space
#   Check if swap backing store is full
#   Use 64 bit Java on a 64 bit OS
#   Decrease Java heap size (-Xmx/-Xms)
#   Decrease number of Java threads
#   Decrease Java thread stack sizes (-Xss)
#   Set larger code cache with -XX:ReservedCodeCacheSize=
# This output file may be truncated or incomplete.
#
#  Out of Memory Error (allocation.cpp:273), pid=2732, tid=4448
#
# JRE version: Java(TM) SE Runtime Environment (8.0_91-b15) (build 1.8.0_91-b15)
# Java VM: Java HotSpot(TM) 64-Bit Server VM (25.91-b15 mixed mode windows-amd64 compressed oops)
# Failed to write core dump. Minidumps are not enabled by default on client versions of Windows
#

---------------  T H R E A D  ---------------

Current thread (0x0000000056897000):  JavaThread "C2 CompilerThread1" daemon [_thread_in_native, id=4448, stack(0x0000000056c50000,0x0000000056d50000)]

Stack: [0x0000000056c50000,0x0000000056d50000]
[error occurred during error reporting (printing stack bounds), id 0xc0000005]

Native frames: (J=compiled Java code, j=interpreted, Vv=VM code, C=native code)


Current CompileTask:
C2:  34583 1891 %     4       com.android.dx.ssa.SCCP::run @ 53 (298 bytes)


---------------  P R O C E S S  ---------------

Java Threads: ( => current thread )
  0x0000000056b84800 JavaThread "pool-1-thread-4" [_thread_blocked, id=1364, stack(0x0000000057820000,0x0000000057920000)]
  0x0000000056b11000 JavaThread "pool-1-thread-3" [_thread_blocked, id=8372, stack(0x00000000576d0000,0x00000000577d0000)]
  0x0000000056b0e800 JavaThread "pool-1-thread-2" [_thread_blocked, id=8336, stack(0x00000000573b0000,0x00000000574b0000)]
  0x0000000056abc800 JavaThread "pool-2-thread-1" [_thread_blocked, id=6488, stack(0x00000000574c0000,0x00000000575c0000)]
  0x0000000056b35800 JavaThread "pool-1-thread-1" [_thread_blocked, id=8356, stack(0x0000000057290000,0x0000000057390000)]
  0x000000005689b000 JavaThread "Service Thread" daemon [_thread_blocked, id=9008, stack(0x0000000057030000,0x0000000057130000)]
  0x0000000056898000 JavaThread "C1 CompilerThread2" daemon [_thread_in_native, id=7596, stack(0x0000000056ec0000,0x0000000056fc0000)]
=>0x0000000056897000 JavaThread "C2 CompilerThread1" daemon [_thread_in_native, id=4448, stack(0x0000000056c50000,0x0000000056d50000)]
  0x0000000054ff3800 JavaThread "C2 CompilerThread0" daemon [_thread_in_native, id=3592, stack(0x0000000056420000,0x0000000056520000)]
  0x0000000054ff0000 JavaThread "Attach Listener" daemon [_thread_blocked, id=7804, stack(0x0000000056740000,0x0000000056840000)]
  0x0000000054fee800 JavaThread "Signal Dispatcher" daemon [_thread_blocked, id=1948, stack(0x0000000056580000,0x0000000056680000)]
  0x0000000054fd3800 JavaThread "Finalizer" daemon [_thread_blocked, id=7592, stack(0x0000000056320000,0x0000000056420000)]
  0x0000000054f92000 JavaThread "Reference Handler" daemon [_thread_blocked, id=7100, stack(0x0000000056170000,0x0000000056270000)]
  0x000000000239e800 JavaThread "main" [_thread_blocked, id=2172, stack(0x00000000024c0000,0x00000000025c0000)]

Other Threads:
  0x0000000054f8a800 VMThread [stack: 0x0000000056010000,0x0000000056110000] [id=3288]
  0x00000000568aa800 WatcherThread [stack: 0x0000000056d60000,0x0000000056e60000] [id=5320]

VM state:not at safepoint (normal execution)

VM Mutex/Monitor currently owned by a thread: None

Heap:
 PSYoungGen      total 52736K, used 10250K [0x00000000eab00000, 0x00000000f1200000, 0x0000000100000000)
  eden space 49152K, 13% used [0x00000000eab00000,0x00000000eb182b80,0x00000000edb00000)
  from space 3584K, 100% used [0x00000000edb00000,0x00000000ede80000,0x00000000ede80000)
  to   space 3584K, 0% used [0x00000000f0e80000,0x00000000f0e80000,0x00000000f1200000)
 ParOldGen       total 64512K, used 12486K [0x00000000c0000000, 0x00000000c3f00000, 0x00000000eab00000)
  object space 64512K, 19% used [0x00000000c0000000,0x00000000c0c318b0,0x00000000c3f00000)
 Metaspace       used 6122K, capacity 7088K, committed 7296K, reserved 1056768K
  class space    used 591K, capacity 616K, committed 640K, reserved 1048576K

Card table byte_map: [0x0000000011c50000,0x0000000011e60000] byte_map_base: 0x0000000011650000

Marking Bits: (ParMarkBitMap*) 0x00000000605d2f70
 Begin Bits: [0x0000000012400000, 0x0000000013400000)
 End Bits:   [0x0000000013400000, 0x0000000014400000)

Polling page: 0x0000000000130000

CodeCache: size=245760Kb used=9207Kb max_used=9213Kb free=236552Kb
 bounds [0x0000000002890000, 0x00000000031a0000, 0x0000000011890000]
 total_blobs=2129 nmethods=1866 adapters=176
 compilation: enabled

Compilation events (10 events):
Event: 34.383 Thread 0x0000000056898000 nmethod 1888 0x0000000003122450 code [0x0000000003122620, 0x0000000003122cb8]
Event: 34.385 Thread 0x0000000054ff3800 1889       4       com.android.dx.cf.code.BasicBlocker::getBlockList (208 bytes)
Event: 34.402 Thread 0x0000000056898000 1890       1       com.android.dx.cf.direct.DirectClassFile$DcfTypeList::isMutable (2 bytes)
Event: 34.402 Thread 0x0000000056898000 nmethod 1890 0x0000000003164e50 code [0x0000000003164fa0, 0x00000000031650b0]
Event: 34.478 Thread 0x0000000056897000 1891 %     4       com.android.dx.ssa.SCCP::run @ 53 (298 bytes)
Event: 34.488 Thread 0x0000000056898000 1893       3       com.android.dx.rop.code.RegisterSpec::withLocalItem (41 bytes)
Event: 34.488 Thread 0x0000000056898000 nmethod 1893 0x0000000003121c50 code [0x0000000003121de0, 0x00000000031222d8]
Event: 34.489 Thread 0x0000000056898000 1894       1       java.util.HashMap$Node::getKey (5 bytes)
Event: 34.489 Thread 0x0000000056898000 nmethod 1894 0x0000000003121990 code [0x0000000003121ae0, 0x0000000003121bf0]
Event: 34.521 Thread 0x0000000056898000 1899       3       com.android.dx.ssa.InterferenceRegisterMapper::interferes (78 bytes)

GC Heap History (6 events):
Event: 3.631 GC heap before
{Heap before GC invocations=1 (full 0):
 PSYoungGen      total 28160K, used 24576K [0x00000000eab00000, 0x00000000eca00000, 0x0000000100000000)
  eden space 24576K, 100% used [0x00000000eab00000,0x00000000ec300000,0x00000000ec300000)
  from space 3584K, 0% used [0x00000000ec680000,0x00000000ec680000,0x00000000eca00000)
  to   space 3584K, 0% used [0x00000000ec300000,0x00000000ec300000,0x00000000ec680000)
 ParOldGen       total 64512K, used 0K [0x00000000c0000000, 0x00000000c3f00000, 0x00000000eab00000)
  object space 64512K, 0% used [0x00000000c0000000,0x00000000c0000000,0x00000000c3f00000)
 Metaspace       used 5748K, capacity 6832K, committed 7040K, reserved 1056768K
  class space    used 587K, capacity 616K, committed 640K, reserved 1048576K
Event: 4.697 GC heap after
Heap after GC invocations=1 (full 0):
 PSYoungGen      total 28160K, used 3575K [0x00000000eab00000, 0x00000000ee200000, 0x0000000100000000)
  eden space 24576K, 0% used [0x00000000eab00000,0x00000000eab00000,0x00000000ec300000)
  from space 3584K, 99% used [0x00000000ec300000,0x00000000ec67dc98,0x00000000ec680000)
  to   space 3584K, 0% used [0x00000000ede80000,0x00000000ede80000,0x00000000ee200000)
 ParOldGen       total 64512K, used 1242K [0x00000000c0000000, 0x00000000c3f00000, 0x00000000eab00000)
  object space 64512K, 1% used [0x00000000c0000000,0x00000000c0136a20,0x00000000c3f00000)
 Metaspace       used 5748K, capacity 6832K, committed 7040K, reserved 1056768K
  class space    used 587K, capacity 616K, committed 640K, reserved 1048576K
}
Event: 17.759 GC heap before
{Heap before GC invocations=2 (full 0):
 PSYoungGen      total 28160K, used 28151K [0x00000000eab00000, 0x00000000ee200000, 0x0000000100000000)
  eden space 24576K, 100% used [0x00000000eab00000,0x00000000ec300000,0x00000000ec300000)
  from space 3584K, 99% used [0x00000000ec300000,0x00000000ec67dc98,0x00000000ec680000)
  to   space 3584K, 0% used [0x00000000ede80000,0x00000000ede80000,0x00000000ee200000)
 ParOldGen       total 64512K, used 1242K [0x00000000c0000000, 0x00000000c3f00000, 0x00000000eab00000)
  object space 64512K, 1% used [0x00000000c0000000,0x00000000c0136a20,0x00000000c3f00000)
 Metaspace       used 6040K, capacity 7088K, committed 7296K, reserved 1056768K
  class space    used 589K, capacity 616K, committed 640K, reserved 1048576K
Event: 18.191 GC heap after
Heap after GC invocations=2 (full 0):
 PSYoungGen      total 52736K, used 3575K [0x00000000eab00000, 0x00000000ee200000, 0x0000000100000000)
  eden space 49152K, 0% used [0x00000000eab00000,0x00000000eab00000,0x00000000edb00000)
  from space 3584K, 99% used [0x00000000ede80000,0x00000000ee1fdc88,0x00000000ee200000)
  to   space 3584K, 0% used [0x00000000edb00000,0x00000000edb00000,0x00000000ede80000)
 ParOldGen       total 64512K, used 4697K [0x00000000c0000000, 0x00000000c3f00000, 0x00000000eab00000)
  object space 64512K, 7% used [0x00000000c0000000,0x00000000c0496790,0x00000000c3f00000)
 Metaspace       used 6040K, capacity 7088K, committed 7296K, reserved 1056768K
  class space    used 589K, capacity 616K, committed 640K, reserved 1048576K
}
Event: 34.413 GC heap before
{Heap before GC invocations=3 (full 0):
 PSYoungGen      total 52736K, used 52727K [0x00000000eab00000, 0x00000000ee200000, 0x0000000100000000)
  eden space 49152K, 100% used [0x00000000eab00000,0x00000000edb00000,0x00000000edb00000)
  from space 3584K, 99% used [0x00000000ede80000,0x00000000ee1fdc88,0x00000000ee200000)
  to   space 3584K, 0% used [0x00000000edb00000,0x00000000edb00000,0x00000000ede80000)
 ParOldGen       total 64512K, used 4697K [0x00000000c0000000, 0x00000000c3f00000, 0x00000000eab00000)
  object space 64512K, 7% used [0x00000000c0000000,0x00000000c0496790,0x00000000c3f00000)
 Metaspace       used 6122K, capacity 7088K, committed 7296K, reserved 1056768K
  class space    used 591K, capacity 616K, committed 640K, reserved 1048576K
Event: 34.474 GC heap after
Heap after GC invocations=3 (full 0):
 PSYoungGen      total 52736K, used 3584K [0x00000000eab00000, 0x00000000f1200000, 0x0000000100000000)
  eden space 49152K, 0% used [0x00000000eab00000,0x00000000eab00000,0x00000000edb00000)
  from space 3584K, 100% used [0x00000000edb00000,0x00000000ede80000,0x00000000ede80000)
  to   space 3584K, 0% used [0x00000000f0e80000,0x00000000f0e80000,0x00000000f1200000)
 ParOldGen       total 64512K, used 12486K [0x00000000c0000000, 0x00000000c3f00000, 0x00000000eab00000)
  object space 64512K, 19% used [0x00000000c0000000,0x00000000c0c318b0,0x00000000c3f00000)
 Metaspace       used 6122K, capacity 7088K, committed 7296K, reserved 1056768K
  class space    used 591K, capacity 616K, committed 640K, reserved 1048576K
}

Deoptimization events (10 events):
Event: 24.769 Thread 0x0000000056b35800 Uncommon trap: reason=class_check action=maybe_recompile pc=0x00000000030a6478 method=com.android.dx.cf.code.RopperMachine.run(Lcom/android/dx/cf/code/Frame;II)V @ 988
Event: 25.814 Thread 0x0000000056b35800 Uncommon trap: reason=class_check action=maybe_recompile pc=0x00000000030a6478 method=com.android.dx.cf.code.RopperMachine.run(Lcom/android/dx/cf/code/Frame;II)V @ 988
Event: 25.819 Thread 0x0000000056b35800 Uncommon trap: reason=class_check action=maybe_recompile pc=0x00000000030a6478 method=com.android.dx.cf.code.RopperMachine.run(Lcom/android/dx/cf/code/Frame;II)V @ 988
Event: 25.822 Thread 0x0000000056b35800 Uncommon trap: reason=class_check action=maybe_recompile pc=0x00000000030a6478 method=com.android.dx.cf.code.RopperMachine.run(Lcom/android/dx/cf/code/Frame;II)V @ 988
Event: 26.230 Thread 0x0000000056b11000 Uncommon trap: reason=unstable_if action=reinterpret pc=0x0000000002b758c4 method=com.android.dx.rop.cst.Constant.compareTo(Lcom/android/dx/rop/cst/Constant;)I @ 12
Event: 26.848 Thread 0x0000000056b35800 Uncommon trap: reason=null_check action=make_not_entrant pc=0x0000000002cbbe38 method=com.android.dx.ssa.SsaRenamer.getLocalForNewReg(I)Lcom/android/dx/rop/code/LocalItem; @ 19
Event: 28.167 Thread 0x0000000056b11000 Uncommon trap: reason=null_check action=make_not_entrant pc=0x0000000002f92390 method=com.android.dx.rop.type.Type.equals(Ljava/lang/Object;)Z @ 8
Event: 34.503 Thread 0x0000000056b0e800 Uncommon trap: reason=bimorphic action=maybe_recompile pc=0x0000000002c78668 method=java.util.HashMap.putVal(ILjava/lang/Object;Ljava/lang/Object;ZZ)Ljava/lang/Object; @ 91
Event: 34.518 Thread 0x0000000056b0e800 Uncommon trap: reason=unstable_if action=reinterpret pc=0x00000000030dd3e8 method=com.android.dx.util.BitIntSet.has(I)Z @ 8
Event: 34.518 Thread 0x0000000056b0e800 Uncommon trap: reason=unstable_if action=reinterpret pc=0x00000000030ff308 method=com.android.dx.util.BitIntSet.has(I)Z @ 8

Internal exceptions (6 events):
Event: 0.243 Thread 0x000000000239e800 Exception <a 'java/lang/NoSuchMethodError': Method sun.misc.Unsafe.defineClass(Ljava/lang/String;[BII)Ljava/lang/Class; name or signature does not match> (0x00000000eab07cc0) thrown at [C:\re\workspace\8-2-build-windows-amd64-cygwin\jdk8u91\7017\hotspot\srqí¾Ï?
Event: 0.243 Thread 0x000000000239e800 Exception <a 'java/lang/NoSuchMethodError': Method sun.misc.Unsafe.prefetchRead(Ljava/lang/Object;J)V name or signature does not match> (0x00000000eab07fa8) thrown at [C:\re\workspace\8-2-build-windows-amd64-cygwin\jdk8u91\7017\hotspot\src\share\vm\prims\jÐ˜$tÃ,@
Event: 14.382 Thread 0x0000000056b11000 Implicit null exception at 0x0000000002cc23b3 to 0x0000000002cc2f9d
Event: 23.766 Thread 0x0000000056b35800 Implicit null exception at 0x0000000002e9a1dc to 0x0000000002e9b695
Event: 26.848 Thread 0x0000000056b35800 Implicit null exception at 0x0000000002cbb451 to 0x0000000002cbbe15
Event: 28.167 Thread 0x0000000056b11000 Implicit null exception at 0x0000000002f92292 to 0x0000000002f92382

Events (10 events):
Event: 34.503 Thread 0x0000000056b0e800 DEOPT PACKING pc=0x0000000002c78668 sp=0x00000000574ae920
Event: 34.503 Thread 0x0000000056b0e800 DEOPT UNPACKING pc=0x00000000028d582a sp=0x00000000574ae8a8 mode 2
Event: 34.510 Thread 0x0000000056b0e800 DEOPT PACKING pc=0x0000000002cde938 sp=0x00000000574aeb90
Event: 34.510 Thread 0x0000000056b0e800 DEOPT UNPACKING pc=0x00000000028d747f sp=0x00000000574ae9c0 mode 0
Event: 34.518 Thread 0x0000000056b0e800 Uncommon trap: trap_request=0xffffff65 fr.pc=0x00000000030dd3e8
Event: 34.518 Thread 0x0000000056b0e800 DEOPT PACKING pc=0x00000000030dd3e8 sp=0x00000000574aeac0
Event: 34.518 Thread 0x0000000056b0e800 DEOPT UNPACKING pc=0x00000000028d582a sp=0x00000000574ae9f8 mode 2
Event: 34.518 Thread 0x0000000056b0e800 Uncommon trap: trap_request=0xffffff65 fr.pc=0x00000000030ff308
Event: 34.518 Thread 0x0000000056b0e800 DEOPT PACKING pc=0x00000000030ff308 sp=0x00000000574ae980
Event: 34.518 Thread 0x0000000056b0e800 DEOPT UNPACKING pc=0x00000000028d582a sp=0x00000000574ae7d8 mode 2


Dynamic libraries:
0x000000013fb70000 - 0x000000013fba7000 	C:\Program Files\Java\jdk1.8.0_91\bin\java.exe
0x0000000077780000 - 0x0000000077929000 	C:\Windows\SYSTEM32\ntdll.dll
0x0000000077660000 - 0x000000007777f000 	C:\Windows\system32\kernel32.dll
0x000007fefd820000 - 0x000007fefd88b000 	C:\Windows\system32\KERNELBASE.dll
0x000007fefdbf0000 - 0x000007fefdccb000 	C:\Windows\system32\ADVAPI32.dll
0x000007feff550000 - 0x000007feff5ef000 	C:\Windows\system32\msvcrt.dll
0x000007fefe0f0000 - 0x000007fefe10f000 	C:\Windows\SYSTEM32\sechost.dll
0x000007fefdaa0000 - 0x000007fefdbcd000 	C:\Windows\system32\RPCRT4.dll
0x0000000077560000 - 0x000000007765a000 	C:\Windows\system32\USER32.dll
0x000007feff7f0000 - 0x000007feff857000 	C:\Windows\system32\GDI32.dll
0x000007fefe110000 - 0x000007fefe11e000 	C:\Windows\system32\LPK.dll
0x000007feff720000 - 0x000007feff7e9000 	C:\Windows\system32\USP10.dll
0x000007fefbdd0000 - 0x000007fefbfc4000 	C:\Windows\WinSxS\amd64_microsoft.windows.common-controls_6595b64144ccf1df_6.0.7601.17514_none_fa396087175ac9ac\COMCTL32.dll
0x000007fefe120000 - 0x000007fefe191000 	C:\Windows\system32\SHLWAPI.dll
0x000007fefdcd0000 - 0x000007fefdcfe000 	C:\Windows\system32\IMM32.DLL
0x000007fefe3b0000 - 0x000007fefe4b9000 	C:\Windows\system32\MSCTF.dll
0x0000000075250000 - 0x0000000075322000 	C:\Program Files\Java\jdk1.8.0_91\jre\bin\msvcr100.dll
0x000000005fdc0000 - 0x0000000060653000 	C:\Program Files\Java\jdk1.8.0_91\jre\bin\server\jvm.dll
0x000007fef7100000 - 0x000007fef7109000 	C:\Windows\system32\WSOCK32.dll
0x000007fefe020000 - 0x000007fefe06d000 	C:\Windows\system32\WS2_32.dll
0x000007feff860000 - 0x000007feff868000 	C:\Windows\system32\NSI.dll
0x000007fef8640000 - 0x000007fef867b000 	C:\Windows\system32\WINMM.dll
0x000007fefc830000 - 0x000007fefc83c000 	C:\Windows\system32\VERSION.dll
0x0000000077950000 - 0x0000000077957000 	C:\Windows\system32\PSAPI.DLL
0x000000006c910000 - 0x000000006c91f000 	C:\Program Files\Java\jdk1.8.0_91\jre\bin\verify.dll
0x0000000065820000 - 0x0000000065849000 	C:\Program Files\Java\jdk1.8.0_91\jre\bin\java.dll
0x000000006c5a0000 - 0x000000006c5b6000 	C:\Program Files\Java\jdk1.8.0_91\jre\bin\zip.dll
0x000007fefe560000 - 0x000007feff2e8000 	C:\Windows\system32\SHELL32.dll
0x000007fefe1a0000 - 0x000007fefe3a3000 	C:\Windows\system32\ole32.dll
0x000007fefd6d0000 - 0x000007fefd6df000 	C:\Windows\system32\profapi.dll

VM Arguments:
jvm_args: -Djava.awt.headless=true -Xmx1024M -Dfile.encoding=windows-1252 -Duser.country=VE -Duser.language=es -Duser.variant 
java_command: com.android.dx.command.Main --dex --num-threads=4 --output C:\Users\Ale\Desktop\NextDots\Defyu Demo\Defyu Normal\pruebadagger\app\build\intermediates\pre-dexed\debug\com.android.support-support-media-compat-25.1.0_6ed011a7d47361facc159d08c42c8255ae2ea32e.jar C:\Users\Ale\Desktop\NextDots\Defyu Demo\Defyu Normal\pruebadagger\app\build\intermediates\exploded-aar\com.android.support\support-media-compat\25.1.0\jars\classes.jar
java_class_path (initial): C:\Users\Ale\AppData\Local\Android\sdk\build-tools\25.0.0\lib\dx.jar
Launcher Type: SUN_STANDARD

Environment Variables:
PATH=C:\ProgramData\Oracle\Java\javapath;C:\Windows\system32;C:\Windows;C:\Windows\System32\Wbem;C:\Windows\System32\WindowsPowerShell\v1.0\;C:\Program Files\Git\cmd;C:\Program Files (x86)\GtkSharp\2.12\bin;C:\Program Files (x86)\Skype\Phone\;C:\Program Files\nodejs\;C:\Program Files\PuTTY\;C:\Program Files (x86)\Nmap;C:\Program Files (x86)\SammaulTech\PhoenixSuit\;C:\Users\Ale\AppData\Roaming\npm
USERNAME=Ale
OS=Windows_NT
PROCESSOR_IDENTIFIER=Intel64 Family 6 Model 37 Stepping 5, GenuineIntel



---------------  S Y S T E M  ---------------

OS: Windows 7 , 64 bit Build 7601 (6.1.7601.17514)

CPU:total 4 (2 cores per cpu, 2 threads per core) family 6 model 37 stepping 5, cmov, cx8, fxsr, mmx, sse, sse2, sse3, ssse3, sse4.1, sse4.2, popcnt, ht, tsc, tscinvbit

Memory: 4k page, physical 6083712k(55224k free), swap 13477704k(7092k free)

vm_info: Java HotSpot(TM) 64-Bit Server VM (25.91-b15) for windows-amd64 JRE (1.8.0_91-b15), built on May 20 2016 17:43:15 by "java_re" with MS VC++ 10.0 (VS2010)

time: Tue Feb 28 19:17:55 2017
elapsed time: 34 seconds (0d 0h 0m 34s)

