#
# There is insufficient memory for the Java Runtime Environment to continue.
# Native memory allocation (malloc) failed to allocate 321904 bytes for Chunk::new
# Possible reasons:
#   The system is out of physical RAM or swap space
#   In 32 bit mode, the process size limit was hit
# Possible solutions:
#   Reduce memory load on the system
#   Increase physical memory or swap space
#   Check if swap backing store is full
#   Use 64 bit Java on a 64 bit OS
#   Decrease Java heap size (-Xmx/-Xms)
#   Decrease number of Java threads
#   Decrease Java thread stack sizes (-Xss)
#   Set larger code cache with -XX:ReservedCodeCacheSize=
# This output file may be truncated or incomplete.
#
#  Out of Memory Error (allocation.cpp:390), pid=3716, tid=8124
#
# JRE version: Java(TM) SE Runtime Environment (8.0_91-b15) (build 1.8.0_91-b15)
# Java VM: Java HotSpot(TM) 64-Bit Server VM (25.91-b15 mixed mode windows-amd64 compressed oops)
# Failed to write core dump. Minidumps are not enabled by default on client versions of Windows
#

---------------  T H R E A D  ---------------

Current thread (0x0000000056acc000):  JavaThread "C2 CompilerThread1" daemon [_thread_in_native, id=8124, stack(0x0000000056f90000,0x0000000057090000)]

Stack: [0x0000000056f90000,0x0000000057090000]
[error occurred during error reporting (printing stack bounds), id 0xc0000005]

Native frames: (J=compiled Java code, j=interpreted, Vv=VM code, C=native code)


Current CompileTask:
C2:  25189 2322       4       com.android.dx.ssa.SsaConverter::edgeSplitSuccessors (98 bytes)


---------------  P R O C E S S  ---------------

Java Threads: ( => current thread )
  0x0000000056d57800 JavaThread "pool-1-thread-4" [_thread_blocked, id=6488, stack(0x0000000057a30000,0x0000000057b30000)]
  0x0000000056d55000 JavaThread "pool-1-thread-3" [_thread_blocked, id=8356, stack(0x00000000577d0000,0x00000000578d0000)]
  0x0000000056d54000 JavaThread "pool-1-thread-2" [_thread_blocked, id=5320, stack(0x00000000575f0000,0x00000000576f0000)]
  0x0000000056d53800 JavaThread "pool-2-thread-1" [_thread_blocked, id=9008, stack(0x00000000574e0000,0x00000000575e0000)]
  0x0000000056d52800 JavaThread "pool-1-thread-1" [_thread_blocked, id=7596, stack(0x00000000566e0000,0x00000000567e0000)]
  0x0000000056b08800 JavaThread "Service Thread" daemon [_thread_blocked, id=6320, stack(0x0000000056e90000,0x0000000056f90000)]
  0x0000000056ae7000 JavaThread "C1 CompilerThread2" daemon [_thread_blocked, id=5240, stack(0x00000000570c0000,0x00000000571c0000)]
=>0x0000000056acc000 JavaThread "C2 CompilerThread1" daemon [_thread_in_native, id=8124, stack(0x0000000056f90000,0x0000000057090000)]
  0x0000000055015800 JavaThread "C2 CompilerThread0" daemon [_thread_blocked, id=5928, stack(0x0000000056990000,0x0000000056a90000)]
  0x0000000055012000 JavaThread "Attach Listener" daemon [_thread_blocked, id=7780, stack(0x0000000056860000,0x0000000056960000)]
  0x0000000055010800 JavaThread "Signal Dispatcher" daemon [_thread_blocked, id=2360, stack(0x00000000565b0000,0x00000000566b0000)]
  0x0000000054ff9000 JavaThread "Finalizer" daemon [_thread_blocked, id=1416, stack(0x0000000056020000,0x0000000056120000)]
  0x0000000054fb2000 JavaThread "Reference Handler" daemon [_thread_blocked, id=5896, stack(0x00000000563b0000,0x00000000564b0000)]
  0x000000000040e800 JavaThread "main" [_thread_blocked, id=4916, stack(0x0000000002360000,0x0000000002460000)]

Other Threads:
  0x0000000054faa800 VMThread [stack: 0x00000000561b0000,0x00000000562b0000] [id=7784]
  0x0000000056b0d000 WatcherThread [stack: 0x00000000572c0000,0x00000000573c0000] [id=6012]

VM state:at safepoint (normal execution)

VM Mutex/Monitor currently owned by a thread:  ([mutex/lock_event])
[0x000000000040c390] Threads_lock - owner thread: 0x0000000054faa800
[0x000000000040c890] Heap_lock - owner thread: 0x0000000056d54000

Heap:
 PSYoungGen      total 101888K, used 101883K [0x00000000eab00000, 0x00000000f9000000, 0x0000000100000000)
  eden space 98304K, 100% used [0x00000000eab00000,0x00000000f0b00000,0x00000000f0b00000)
  from space 3584K, 99% used [0x00000000f0b00000,0x00000000f0e7ee90,0x00000000f0e80000)
  to   space 18944K, 16% used [0x00000000f7d80000,0x00000000f80766f0,0x00000000f9000000)
 ParOldGen       total 64512K, used 32697K [0x00000000c0000000, 0x00000000c3f00000, 0x00000000eab00000)
  object space 64512K, 50% used [0x00000000c0000000,0x00000000c1fee488,0x00000000c3f00000)
 Metaspace       used 6344K, capacity 7224K, committed 7296K, reserved 1056768K
  class space    used 612K, capacity 624K, committed 640K, reserved 1048576K

Card table byte_map: [0x0000000011af0000,0x0000000011d00000] byte_map_base: 0x00000000114f0000

Marking Bits: (ParMarkBitMap*) 0x00000000605d2f70
 Begin Bits: [0x0000000012420000, 0x0000000013420000)
 End Bits:   [0x0000000013420000, 0x0000000014420000)

Polling page: 0x0000000000130000

CodeCache: size=245760Kb used=10224Kb max_used=10315Kb free=235535Kb
 bounds [0x0000000002730000, 0x0000000003160000, 0x0000000011730000]
 total_blobs=2239 nmethods=1976 adapters=176
 compilation: enabled

Compilation events (10 events):
Event: 24.748 Thread 0x0000000056acc000 nmethod 2316 0x0000000003121050 code [0x0000000003121240, 0x0000000003122138]
Event: 24.765 Thread 0x0000000055015800 nmethod 2317 0x00000000030e6710 code [0x00000000030e68c0, 0x00000000030e7308]
Event: 25.031 Thread 0x0000000056acc000 2319       4       com.android.dx.rop.type.Prototype::getParameterFrameTypes (96 bytes)
Event: 25.040 Thread 0x0000000056acc000 nmethod 2319 0x00000000028f0b50 code [0x00000000028f0cc0, 0x00000000028f0fd8]
Event: 25.049 Thread 0x0000000055015800 2320 %     4       com.android.dx.ssa.back.IdenticalBlockCombiner::process @ 253 (323 bytes)
Event: 25.054 Thread 0x0000000056acc000 2321       4       java.util.HashMap::tableSizeFor (59 bytes)
Event: 25.054 Thread 0x0000000056acc000 nmethod 2321 0x0000000002e57790 code [0x0000000002e578c0, 0x0000000002e57958]
Event: 25.057 Thread 0x0000000056acc000 2322       4       com.android.dx.ssa.SsaConverter::edgeSplitSuccessors (98 bytes)
Event: 25.129 Thread 0x0000000055015800 nmethod 2320% 0x0000000003147bd0 code [0x0000000003147d80, 0x00000000031487a8]
Event: 25.129 Thread 0x0000000055015800 2323       4       com.android.dx.cf.code.Simulator$SimVisitor::visitNoArgs (2136 bytes)

GC Heap History (10 events):
Event: 2.302 GC heap after
Heap after GC invocations=1 (full 0):
 PSYoungGen      total 28160K, used 3573K [0x00000000eab00000, 0x00000000ee200000, 0x0000000100000000)
  eden space 24576K, 0% used [0x00000000eab00000,0x00000000eab00000,0x00000000ec300000)
  from space 3584K, 99% used [0x00000000ec300000,0x00000000ec67d5e8,0x00000000ec680000)
  to   space 3584K, 0% used [0x00000000ede80000,0x00000000ede80000,0x00000000ee200000)
 ParOldGen       total 64512K, used 870K [0x00000000c0000000, 0x00000000c3f00000, 0x00000000eab00000)
  object space 64512K, 1% used [0x00000000c0000000,0x00000000c00d9850,0x00000000c3f00000)
 Metaspace       used 5754K, capacity 6832K, committed 7040K, reserved 1056768K
  class space    used 588K, capacity 616K, committed 640K, reserved 1048576K
}
Event: 2.758 GC heap before
{Heap before GC invocations=2 (full 0):
 PSYoungGen      total 28160K, used 28149K [0x00000000eab00000, 0x00000000ee200000, 0x0000000100000000)
  eden space 24576K, 100% used [0x00000000eab00000,0x00000000ec300000,0x00000000ec300000)
  from space 3584K, 99% used [0x00000000ec300000,0x00000000ec67d5e8,0x00000000ec680000)
  to   space 3584K, 0% used [0x00000000ede80000,0x00000000ede80000,0x00000000ee200000)
 ParOldGen       total 64512K, used 870K [0x00000000c0000000, 0x00000000c3f00000, 0x00000000eab00000)
  object space 64512K, 1% used [0x00000000c0000000,0x00000000c00d9850,0x00000000c3f00000)
 Metaspace       used 5914K, capacity 6960K, committed 7040K, reserved 1056768K
  class space    used 590K, capacity 616K, committed 640K, reserved 1048576K
Event: 2.900 GC heap after
Heap after GC invocations=2 (full 0):
 PSYoungGen      total 52736K, used 3565K [0x00000000eab00000, 0x00000000ee200000, 0x0000000100000000)
  eden space 49152K, 0% used [0x00000000eab00000,0x00000000eab00000,0x00000000edb00000)
  from space 3584K, 99% used [0x00000000ede80000,0x00000000ee1fb7c8,0x00000000ee200000)
  to   space 3584K, 0% used [0x00000000edb00000,0x00000000edb00000,0x00000000ede80000)
 ParOldGen       total 64512K, used 4136K [0x00000000c0000000, 0x00000000c3f00000, 0x00000000eab00000)
  object space 64512K, 6% used [0x00000000c0000000,0x00000000c040a3a0,0x00000000c3f00000)
 Metaspace       used 5914K, capacity 6960K, committed 7040K, reserved 1056768K
  class space    used 590K, capacity 616K, committed 640K, reserved 1048576K
}
Event: 6.454 GC heap before
{Heap before GC invocations=3 (full 0):
 PSYoungGen      total 52736K, used 52717K [0x00000000eab00000, 0x00000000ee200000, 0x0000000100000000)
  eden space 49152K, 100% used [0x00000000eab00000,0x00000000edb00000,0x00000000edb00000)
  from space 3584K, 99% used [0x00000000ede80000,0x00000000ee1fb7c8,0x00000000ee200000)
  to   space 3584K, 0% used [0x00000000edb00000,0x00000000edb00000,0x00000000ede80000)
 ParOldGen       total 64512K, used 4136K [0x00000000c0000000, 0x00000000c3f00000, 0x00000000eab00000)
  object space 64512K, 6% used [0x00000000c0000000,0x00000000c040a3a0,0x00000000c3f00000)
 Metaspace       used 6126K, capacity 7088K, committed 7296K, reserved 1056768K
  class space    used 591K, capacity 616K, committed 640K, reserved 1048576K
Event: 7.538 GC heap after
Heap after GC invocations=3 (full 0):
 PSYoungGen      total 52736K, used 3571K [0x00000000eab00000, 0x00000000f1200000, 0x0000000100000000)
  eden space 49152K, 0% used [0x00000000eab00000,0x00000000eab00000,0x00000000edb00000)
  from space 3584K, 99% used [0x00000000edb00000,0x00000000ede7cf70,0x00000000ede80000)
  to   space 3584K, 0% used [0x00000000f0e80000,0x00000000f0e80000,0x00000000f1200000)
 ParOldGen       total 64512K, used 11411K [0x00000000c0000000, 0x00000000c3f00000, 0x00000000eab00000)
  object space 64512K, 17% used [0x00000000c0000000,0x00000000c0b24d70,0x00000000c3f00000)
 Metaspace       used 6126K, capacity 7088K, committed 7296K, reserved 1056768K
  class space    used 591K, capacity 616K, committed 640K, reserved 1048576K
}
Event: 7.870 GC heap before
{Heap before GC invocations=4 (full 0):
 PSYoungGen      total 52736K, used 52723K [0x00000000eab00000, 0x00000000f1200000, 0x0000000100000000)
  eden space 49152K, 100% used [0x00000000eab00000,0x00000000edb00000,0x00000000edb00000)
  from space 3584K, 99% used [0x00000000edb00000,0x00000000ede7cf70,0x00000000ede80000)
  to   space 3584K, 0% used [0x00000000f0e80000,0x00000000f0e80000,0x00000000f1200000)
 ParOldGen       total 64512K, used 11411K [0x00000000c0000000, 0x00000000c3f00000, 0x00000000eab00000)
  object space 64512K, 17% used [0x00000000c0000000,0x00000000c0b24d70,0x00000000c3f00000)
 Metaspace       used 6156K, capacity 7152K, committed 7296K, reserved 1056768K
  class space    used 591K, capacity 616K, committed 640K, reserved 1048576K
Event: 8.812 GC heap after
Heap after GC invocations=4 (full 0):
 PSYoungGen      total 101888K, used 3571K [0x00000000eab00000, 0x00000000f1200000, 0x0000000100000000)
  eden space 98304K, 0% used [0x00000000eab00000,0x00000000eab00000,0x00000000f0b00000)
  from space 3584K, 99% used [0x00000000f0e80000,0x00000000f11fcd90,0x00000000f1200000)
  to   space 3584K, 0% used [0x00000000f0b00000,0x00000000f0b00000,0x00000000f0e80000)
 ParOldGen       total 64512K, used 19217K [0x00000000c0000000, 0x00000000c3f00000, 0x00000000eab00000)
  object space 64512K, 29% used [0x00000000c0000000,0x00000000c12c4430,0x00000000c3f00000)
 Metaspace       used 6156K, capacity 7152K, committed 7296K, reserved 1056768K
  class space    used 591K, capacity 616K, committed 640K, reserved 1048576K
}
Event: 9.939 GC heap before
{Heap before GC invocations=5 (full 0):
 PSYoungGen      total 101888K, used 101875K [0x00000000eab00000, 0x00000000f1200000, 0x0000000100000000)
  eden space 98304K, 100% used [0x00000000eab00000,0x00000000f0b00000,0x00000000f0b00000)
  from space 3584K, 99% used [0x00000000f0e80000,0x00000000f11fcd90,0x00000000f1200000)
  to   space 3584K, 0% used [0x00000000f0b00000,0x00000000f0b00000,0x00000000f0e80000)
 ParOldGen       total 64512K, used 19217K [0x00000000c0000000, 0x00000000c3f00000, 0x00000000eab00000)
  object space 64512K, 29% used [0x00000000c0000000,0x00000000c12c4430,0x00000000c3f00000)
 Metaspace       used 6292K, capacity 7160K, committed 7296K, reserved 1056768K
  class space    used 611K, capacity 624K, committed 640K, reserved 1048576K
Event: 9.994 GC heap after
Heap after GC invocations=5 (full 0):
 PSYoungGen      total 101888K, used 3579K [0x00000000eab00000, 0x00000000f9000000, 0x0000000100000000)
  eden space 98304K, 0% used [0x00000000eab00000,0x00000000eab00000,0x00000000f0b00000)
  from space 3584K, 99% used [0x00000000f0b00000,0x00000000f0e7ee90,0x00000000f0e80000)
  to   space 18944K, 0% used [0x00000000f7d80000,0x00000000f7d80000,0x00000000f9000000)
 ParOldGen       total 64512K, used 32697K [0x00000000c0000000, 0x00000000c3f00000, 0x00000000eab00000)
  object space 64512K, 50% used [0x00000000c0000000,0x00000000c1fee488,0x00000000c3f00000)
 Metaspace       used 6292K, capacity 7160K, committed 7296K, reserved 1056768K
  class space    used 611K, capacity 624K, committed 640K, reserved 1048576K
}
Event: 25.143 GC heap before
{Heap before GC invocations=6 (full 0):
 PSYoungGen      total 101888K, used 101883K [0x00000000eab00000, 0x00000000f9000000, 0x0000000100000000)
  eden space 98304K, 100% used [0x00000000eab00000,0x00000000f0b00000,0x00000000f0b00000)
  from space 3584K, 99% used [0x00000000f0b00000,0x00000000f0e7ee90,0x00000000f0e80000)
  to   space 18944K, 0% used [0x00000000f7d80000,0x00000000f7d80000,0x00000000f9000000)
 ParOldGen       total 64512K, used 32697K [0x00000000c0000000, 0x00000000c3f00000, 0x00000000eab00000)
  object space 64512K, 50% used [0x00000000c0000000,0x00000000c1fee488,0x00000000c3f00000)
 Metaspace       used 6344K, capacity 7224K, committed 7296K, reserved 1056768K
  class space    used 612K, capacity 624K, committed 640K, reserved 1048576K

Deoptimization events (10 events):
Event: 22.765 Thread 0x0000000056d54000 Uncommon trap: reason=unstable_if action=reinterpret pc=0x00000000030abd90 method=com.android.dx.ssa.SCCP.replaceBranches()V @ 14
Event: 22.777 Thread 0x0000000056d54000 Uncommon trap: reason=unstable_if action=reinterpret pc=0x0000000002fe6d28 method=com.android.dx.cf.code.ByteCatchList.listFor(I)Lcom/android/dx/cf/code/ByteCatchList; @ 47
Event: 22.788 Thread 0x0000000056d54000 Uncommon trap: reason=unstable_if action=reinterpret pc=0x0000000002fc3318 method=com.android.dx.rop.code.LocalItem.hashCode()I @ 25
Event: 22.788 Thread 0x0000000056d54000 Uncommon trap: reason=unstable_if action=reinterpret pc=0x0000000002f3845c method=com.android.dx.rop.code.LocalItem.hashCode()I @ 25
Event: 22.935 Thread 0x0000000056d54000 Uncommon trap: reason=class_check action=maybe_recompile pc=0x0000000002fe53ac method=com.android.dx.ssa.back.FirstFitLocalCombiningAllocator.findNextUnreservedRopReg(IILcom/android/dx/ssa/back/FirstFitLocalCombiningAllocator$Alignment;)I @ 60
Event: 22.935 Thread 0x0000000056d54000 Uncommon trap: reason=class_check action=maybe_recompile pc=0x0000000002fe53ac method=com.android.dx.ssa.back.FirstFitLocalCombiningAllocator.findNextUnreservedRopReg(IILcom/android/dx/ssa/back/FirstFitLocalCombiningAllocator$Alignment;)I @ 60
Event: 22.937 Thread 0x0000000056d54000 Uncommon trap: reason=class_check action=maybe_recompile pc=0x00000000030ce48c method=com.android.dx.cf.code.BytecodeArray.parseInstruction(ILcom/android/dx/cf/code/BytecodeArray$Visitor;)I @ 1807
Event: 22.937 Thread 0x0000000056d54000 Uncommon trap: reason=class_check action=maybe_recompile pc=0x00000000030cdfd8 method=com.android.dx.cf.code.BytecodeArray.parseInstruction(ILcom/android/dx/cf/code/BytecodeArray$Visitor;)I @ 1417
Event: 22.937 Thread 0x0000000056d54000 Uncommon trap: reason=class_check action=maybe_recompile pc=0x00000000030cdfd8 method=com.android.dx.cf.code.BytecodeArray.parseInstruction(ILcom/android/dx/cf/code/BytecodeArray$Visitor;)I @ 1417
Event: 22.937 Thread 0x0000000056d54000 Uncommon trap: reason=class_check action=maybe_recompile pc=0x00000000030ce48c method=com.android.dx.cf.code.BytecodeArray.parseInstruction(ILcom/android/dx/cf/code/BytecodeArray$Visitor;)I @ 1807

Internal exceptions (6 events):
Event: 0.053 Thread 0x000000000040e800 Exception <a 'java/lang/NoSuchMethodError': Method sun.misc.Unsafe.defineClass(Ljava/lang/String;[BII)Ljava/lang/Class; name or signature does not match> (0x00000000eab07cc0) thrown at [C:\re\workspace\8-2-build-windows-amd64-cygwin\jdk8u91\7017\hotspot\srÇÂ±ý_I«?
Event: 0.053 Thread 0x000000000040e800 Exception <a 'java/lang/NoSuchMethodError': Method sun.misc.Unsafe.prefetchRead(Ljava/lang/Object;J)V name or signature does not match> (0x00000000eab07fa8) thrown at [C:\re\workspace\8-2-build-windows-amd64-cygwin\jdk8u91\7017\hotspot\src\share\vm\prims\j’@Í©rÿ@
Event: 5.249 Thread 0x0000000056d57800 Implicit null exception at 0x0000000002d0fb2e to 0x0000000002d136ad
Event: 9.549 Thread 0x000000000040e800 Exception <a 'java/lang/ArrayIndexOutOfBoundsException': 18> (0x00000000edbb6340) thrown at [C:\re\workspace\8-2-build-windows-amd64-cygwin\jdk8u91\7017\hotspot\src\share\vm\interpreter\interpreterRuntime.cpp, line 366]
Event: 9.551 Thread 0x000000000040e800 Exception <a 'java/lang/ArrayIndexOutOfBoundsException'> (0x00000000edbb7ec0) thrown at [C:\re\workspace\8-2-build-windows-amd64-cygwin\jdk8u91\7017\hotspot\src\share\vm\runtime\sharedRuntime.cpp, line 605]
Event: 9.554 Thread 0x000000000040e800 Exception <a 'java/lang/ArrayIndexOutOfBoundsException'> (0x00000000edbb91a8) thrown at [C:\re\workspace\8-2-build-windows-amd64-cygwin\jdk8u91\7017\hotspot\src\share\vm\runtime\sharedRuntime.cpp, line 605]

Events (10 events):
Event: 24.645 Thread 0x0000000055015800 flushing nmethod 0x000000000292b650
Event: 24.645 Thread 0x0000000055015800 flushing nmethod 0x000000000292e2d0
Event: 24.645 Thread 0x0000000055015800 flushing nmethod 0x0000000002932790
Event: 24.677 Thread 0x0000000055015800 flushing nmethod 0x00000000029401d0
Event: 24.677 Thread 0x0000000055015800 flushing nmethod 0x0000000002957c50
Event: 25.121 Thread 0x0000000056d54000 DEOPT PACKING pc=0x0000000002c664e5 sp=0x00000000576ee7f0
Event: 25.121 Thread 0x0000000056d54000 DEOPT UNPACKING pc=0x000000000277747f sp=0x00000000576ee558 mode 0
Event: 25.134 Thread 0x0000000056d54000 DEOPT PACKING pc=0x0000000002c822e8 sp=0x00000000576ee810
Event: 25.134 Thread 0x0000000056d54000 DEOPT UNPACKING pc=0x000000000277747f sp=0x00000000576ee570 mode 0
Event: 25.143 Executing VM operation: ParallelGCFailedAllocation


Dynamic libraries:
0x000000013fb70000 - 0x000000013fba7000 	C:\Program Files\Java\jdk1.8.0_91\bin\java.exe
0x0000000077780000 - 0x0000000077929000 	C:\Windows\SYSTEM32\ntdll.dll
0x0000000077660000 - 0x000000007777f000 	C:\Windows\system32\kernel32.dll
0x000007fefd820000 - 0x000007fefd88b000 	C:\Windows\system32\KERNELBASE.dll
0x000007fefdbf0000 - 0x000007fefdccb000 	C:\Windows\system32\ADVAPI32.dll
0x000007feff550000 - 0x000007feff5ef000 	C:\Windows\system32\msvcrt.dll
0x000007fefe0f0000 - 0x000007fefe10f000 	C:\Windows\SYSTEM32\sechost.dll
0x000007fefdaa0000 - 0x000007fefdbcd000 	C:\Windows\system32\RPCRT4.dll
0x0000000077560000 - 0x000000007765a000 	C:\Windows\system32\USER32.dll
0x000007feff7f0000 - 0x000007feff857000 	C:\Windows\system32\GDI32.dll
0x000007fefe110000 - 0x000007fefe11e000 	C:\Windows\system32\LPK.dll
0x000007feff720000 - 0x000007feff7e9000 	C:\Windows\system32\USP10.dll
0x000007fefbdd0000 - 0x000007fefbfc4000 	C:\Windows\WinSxS\amd64_microsoft.windows.common-controls_6595b64144ccf1df_6.0.7601.17514_none_fa396087175ac9ac\COMCTL32.dll
0x000007fefe120000 - 0x000007fefe191000 	C:\Windows\system32\SHLWAPI.dll
0x000007fefdcd0000 - 0x000007fefdcfe000 	C:\Windows\system32\IMM32.DLL
0x000007fefe3b0000 - 0x000007fefe4b9000 	C:\Windows\system32\MSCTF.dll
0x0000000075250000 - 0x0000000075322000 	C:\Program Files\Java\jdk1.8.0_91\jre\bin\msvcr100.dll
0x000000005fdc0000 - 0x0000000060653000 	C:\Program Files\Java\jdk1.8.0_91\jre\bin\server\jvm.dll
0x000007fef7100000 - 0x000007fef7109000 	C:\Windows\system32\WSOCK32.dll
0x000007fefe020000 - 0x000007fefe06d000 	C:\Windows\system32\WS2_32.dll
0x000007feff860000 - 0x000007feff868000 	C:\Windows\system32\NSI.dll
0x000007fef8640000 - 0x000007fef867b000 	C:\Windows\system32\WINMM.dll
0x000007fefc830000 - 0x000007fefc83c000 	C:\Windows\system32\VERSION.dll
0x0000000077950000 - 0x0000000077957000 	C:\Windows\system32\PSAPI.DLL
0x000000006c910000 - 0x000000006c91f000 	C:\Program Files\Java\jdk1.8.0_91\jre\bin\verify.dll
0x0000000065820000 - 0x0000000065849000 	C:\Program Files\Java\jdk1.8.0_91\jre\bin\java.dll
0x000000006c5a0000 - 0x000000006c5b6000 	C:\Program Files\Java\jdk1.8.0_91\jre\bin\zip.dll
0x000007fefe560000 - 0x000007feff2e8000 	C:\Windows\system32\SHELL32.dll
0x000007fefe1a0000 - 0x000007fefe3a3000 	C:\Windows\system32\ole32.dll
0x000007fefd6d0000 - 0x000007fefd6df000 	C:\Windows\system32\profapi.dll

VM Arguments:
jvm_args: -Djava.awt.headless=true -Xmx1024M -Dfile.encoding=windows-1252 -Duser.country=VE -Duser.language=es -Duser.variant 
java_command: com.android.dx.command.Main --dex --num-threads=4 --output C:\Users\Ale\Desktop\NextDots\Defyu Demo\Defyu Normal\pruebadagger\app\build\intermediates\pre-dexed\debug\com.android.support-appcompat-v7-25.1.0_5ed4b3c96dd718fdc0204a919572ecc3388b40f6.jar C:\Users\Ale\Desktop\NextDots\Defyu Demo\Defyu Normal\pruebadagger\app\build\intermediates\exploded-aar\com.android.support\appcompat-v7\25.1.0\jars\classes.jar
java_class_path (initial): C:\Users\Ale\AppData\Local\Android\sdk\build-tools\25.0.0\lib\dx.jar
Launcher Type: SUN_STANDARD

Environment Variables:
PATH=C:\ProgramData\Oracle\Java\javapath;C:\Windows\system32;C:\Windows;C:\Windows\System32\Wbem;C:\Windows\System32\WindowsPowerShell\v1.0\;C:\Program Files\Git\cmd;C:\Program Files (x86)\GtkSharp\2.12\bin;C:\Program Files (x86)\Skype\Phone\;C:\Program Files\nodejs\;C:\Program Files\PuTTY\;C:\Program Files (x86)\Nmap;C:\Program Files (x86)\SammaulTech\PhoenixSuit\;C:\Users\Ale\AppData\Roaming\npm
USERNAME=Ale
OS=Windows_NT
PROCESSOR_IDENTIFIER=Intel64 Family 6 Model 37 Stepping 5, GenuineIntel



---------------  S Y S T E M  ---------------

OS: Windows 7 , 64 bit Build 7601 (6.1.7601.17514)

CPU:total 4 (2 cores per cpu, 2 threads per core) family 6 model 37 stepping 5, cmov, cx8, fxsr, mmx, sse, sse2, sse3, ssse3, sse4.1, sse4.2, popcnt, ht, tsc, tscinvbit

Memory: 4k page, physical 6083712k(129852k free), swap 13477704k(5360k free)

vm_info: Java HotSpot(TM) 64-Bit Server VM (25.91-b15) for windows-amd64 JRE (1.8.0_91-b15), built on May 20 2016 17:43:15 by "java_re" with MS VC++ 10.0 (VS2010)

time: Tue Feb 28 19:18:45 2017
elapsed time: 25 seconds (0d 0h 0m 25s)

